#
# There is insufficient memory for the Java Runtime Environment to continue.
# Native memory allocation (mmap) failed to map 67108864 bytes for Failed to commit area from 0x0000000093c00000 to 0x0000000097c00000 of length 67108864.
# Possible reasons:
#   The system is out of physical RAM or swap space
#   The process is running with CompressedOops enabled, and the Java Heap may be blocking the growth of the native heap
# Possible solutions:
#   Reduce memory load on the system
#   Increase physical memory or swap space
#   Check if swap backing store is full
#   Decrease Java heap size (-Xmx/-Xms)
#   Decrease number of Java threads
#   Decrease Java thread stack sizes (-Xss)
#   Set larger code cache with -XX:ReservedCodeCacheSize=
#   JVM is running with Unscaled Compressed Oops mode in which the Java heap is
#     placed in the first 4GB address space. The Java Heap base address is the
#     maximum limit for the native heap growth. Please use -XX:HeapBaseMinAddress
#     to set the Java Heap base and to place the Java Heap above 4GB virtual address.
# This output file may be truncated or incomplete.
#
#  Out of Memory Error (./src/hotspot/os/windows/os_windows.cpp:3386), pid=6624, tid=8748
#
# JRE version: OpenJDK Runtime Environment Microsoft-7208460 (11.0.18+10) (build 11.0.18+10-LTS)
# Java VM: OpenJDK 64-Bit Server VM Microsoft-7208460 (11.0.18+10-LTS, mixed mode, tiered, compressed oops, g1 gc, windows-amd64)
# No core dump will be written. Minidumps are not enabled by default on client versions of Windows
#

---------------  S U M M A R Y ------------

Command Line: -XX:MaxMetaspaceSize=512m --add-opens=java.base/java.util=ALL-UNNAMED --add-opens=java.base/java.lang=ALL-UNNAMED --add-opens=java.base/java.lang.invoke=ALL-UNNAMED --add-opens=java.base/java.util=ALL-UNNAMED --add-opens=java.prefs/java.util.prefs=ALL-UNNAMED --add-opens=java.prefs/java.util.prefs=ALL-UNNAMED --add-opens=java.base/java.nio.charset=ALL-UNNAMED --add-opens=java.base/java.net=ALL-UNNAMED --add-opens=java.base/java.util.concurrent.atomic=ALL-UNNAMED -Xmx2048m -Dfile.encoding=windows-1252 -Duser.country=ID -Duser.language=en -Duser.variant org.gradle.launcher.daemon.bootstrap.GradleDaemon 7.5.1

Host: Intel(R) Core(TM) i3-5005U CPU @ 2.00GHz, 4 cores, 3G,  Windows 10 , 64 bit Build 19041 (10.0.19041.3031)
Time: Mon Jun 19 12:29:10 2023 Malay Peninsula Standard Time elapsed time: 166.441562 seconds (0d 0h 2m 46s)

---------------  T H R E A D  ---------------

Current thread (0x000002527e4dc000):  VMThread "VM Thread" [stack: 0x000000c002e00000,0x000000c002f00000] [id=8748]

Stack: [0x000000c002e00000,0x000000c002f00000]
[error occurred during error reporting (printing stack bounds), id 0xc0000005, EXCEPTION_ACCESS_VIOLATION (0xc0000005) at pc=0x000002520000112d]

Native frames: (J=compiled Java code, j=interpreted, Vv=VM code, C=native code)
V  [jvm.dll+0x62bf8a]
V  [jvm.dll+0x7b8fb9]
V  [jvm.dll+0x7ba6a8]
V  [jvm.dll+0x7bace5]
V  [jvm.dll+0x7bac9b]
V  [jvm.dll+0x62b317]
V  [jvm.dll+0x62ba28]
C  [ntdll.dll+0xa247f]
C  [ntdll.dll+0x514f4]
C  [ntdll.dll+0xa0f8e]
C  0x000002520000112d

VM_Operation (0x000000c0050fe2e0): G1CollectForAllocation, mode: safepoint, requested by thread 0x000002521049c800


---------------  P R O C E S S  ---------------

Threads class SMR info:
_java_thread_list=0x0000025218e5d900, length=87, elements={
0x000002526e4c0800, 0x000002527e4ef800, 0x000002527e4e6000, 0x000002527e541000,
0x000002527e542000, 0x000002527e543000, 0x000002527e550800, 0x000002527e558800,
0x000002527e55e000, 0x000002527e7cb000, 0x000002520f33e800, 0x000002520f3af800,
0x000002520ffbd800, 0x000002520fe12000, 0x000002527ec87000, 0x000002527e753000,
0x000002520fd13800, 0x000002527ea96800, 0x000002527ea97800, 0x000002527eab8800,
0x000002520f182000, 0x000002520f181000, 0x000002520f186000, 0x000002520f183800,
0x000002520f180800, 0x000002520f184800, 0x000002520f183000, 0x000002520f185000,
0x000002520f187000, 0x00000252104a0800, 0x000002521049c800, 0x000002521049b000,
0x00000252104a1800, 0x000002521049e800, 0x000002521049c000, 0x00000252104a3000,
0x00000252104a2800, 0x00000252104a0000, 0x00000252104a5000, 0x00000252104a4000,
0x000002521049f000, 0x00000252104a7000, 0x00000252104a5800, 0x00000252104a6800,
0x00000252104a9000, 0x00000252104a8000, 0x00000252104a9800, 0x0000025210318000,
0x0000025210319000, 0x000002521031b000, 0x0000025210319800, 0x000002521031c000,
0x000002521031a800, 0x000002521031d000, 0x0000025210317000, 0x0000025210322800,
0x0000025210323800, 0x0000025210322000, 0x000002521031f800, 0x000002521031e800,
0x0000025210320000, 0x000002521031d800, 0x0000025210325000, 0x0000025210324000,
0x0000025210326000, 0x0000025210321000, 0x0000025210aa0800, 0x0000025210a9f800,
0x0000025210a9a800, 0x0000025210aa1000, 0x0000025210a9c000, 0x0000025210a9e800,
0x0000025210a9b800, 0x0000025210a9e000, 0x0000025210aa2800, 0x0000025210aa2000,
0x0000025210a9d000, 0x0000025210aa7800, 0x0000025210aa6000, 0x0000025210aa3800,
0x0000025210aa4800, 0x0000025210aa5000, 0x0000025210aa7000, 0x0000025210aa8800,
0x0000025210aa9800, 0x0000025210f78800, 0x0000025210f79800
}

Java Threads: ( => current thread )
  0x000002526e4c0800 JavaThread "main" [_thread_blocked, id=8148, stack(0x000000c002800000,0x000000c002900000)]
  0x000002527e4ef800 JavaThread "Reference Handler" daemon [_thread_blocked, id=7100, stack(0x000000c002f00000,0x000000c003000000)]
  0x000002527e4e6000 JavaThread "Finalizer" daemon [_thread_blocked, id=9284, stack(0x000000c003000000,0x000000c003100000)]
  0x000002527e541000 JavaThread "Signal Dispatcher" daemon [_thread_blocked, id=11056, stack(0x000000c003100000,0x000000c003200000)]
  0x000002527e542000 JavaThread "Attach Listener" daemon [_thread_blocked, id=11664, stack(0x000000c003200000,0x000000c003300000)]
  0x000002527e543000 JavaThread "Service Thread" daemon [_thread_blocked, id=7484, stack(0x000000c003300000,0x000000c003400000)]
  0x000002527e550800 JavaThread "C2 CompilerThread0" daemon [_thread_blocked, id=11176, stack(0x000000c003400000,0x000000c003500000)]
  0x000002527e558800 JavaThread "C1 CompilerThread0" daemon [_thread_blocked, id=4432, stack(0x000000c003500000,0x000000c003600000)]
  0x000002527e55e000 JavaThread "Sweeper thread" daemon [_thread_blocked, id=9560, stack(0x000000c003600000,0x000000c003700000)]
  0x000002527e7cb000 JavaThread "Common-Cleaner" daemon [_thread_blocked, id=6468, stack(0x000000c003700000,0x000000c003800000)]
  0x000002520f33e800 JavaThread "Daemon health stats" [_thread_blocked, id=4060, stack(0x000000c003a00000,0x000000c003b00000)]
  0x000002520f3af800 JavaThread "Incoming local TCP Connector on port 50015" [_thread_in_native, id=12848, stack(0x000000c003d00000,0x000000c003e00000)]
  0x000002520ffbd800 JavaThread "Daemon periodic checks" [_thread_blocked, id=904, stack(0x000000c003e00000,0x000000c003f00000)]
  0x000002520fe12000 JavaThread "Daemon" [_thread_blocked, id=7352, stack(0x000000c003f00000,0x000000c004000000)]
  0x000002527ec87000 JavaThread "Handler for socket connection from /127.0.0.1:50015 to /127.0.0.1:50016" [_thread_in_native, id=8320, stack(0x000000c004000000,0x000000c004100000)]
  0x000002527e753000 JavaThread "Cancel handler" [_thread_blocked, id=476, stack(0x000000c004100000,0x000000c004200000)]
  0x000002520fd13800 JavaThread "Daemon worker" [_thread_blocked, id=12260, stack(0x000000c004200000,0x000000c004300000)]
  0x000002527ea96800 JavaThread "Asynchronous log dispatcher for DefaultDaemonConnection: socket connection from /127.0.0.1:50015 to /127.0.0.1:50016" [_thread_blocked, id=11420, stack(0x000000c004300000,0x000000c004400000)]
  0x000002527ea97800 JavaThread "Stdin handler" [_thread_blocked, id=12372, stack(0x000000c004400000,0x000000c004500000)]
  0x000002527eab8800 JavaThread "Daemon client event forwarder" [_thread_blocked, id=13068, stack(0x000000c004500000,0x000000c004600000)]
  0x000002520f182000 JavaThread "Cache worker for journal cache (C:\Users\Anggi Widiantara\.gradle\caches\journal-1)" [_thread_blocked, id=5592, stack(0x000000c004600000,0x000000c004700000)]
  0x000002520f181000 JavaThread "File lock request listener" [_thread_in_native, id=8584, stack(0x000000c004700000,0x000000c004800000)]
  0x000002520f186000 JavaThread "Cache worker for file hash cache (C:\Users\Anggi Widiantara\.gradle\caches\7.5.1\fileHashes)" [_thread_blocked, id=2920, stack(0x000000c004800000,0x000000c004900000)]
  0x000002520f183800 JavaThread "File watcher server" daemon [_thread_blocked, id=4288, stack(0x000000c004900000,0x000000c004a00000)]
  0x000002520f180800 JavaThread "File watcher consumer" daemon [_thread_blocked, id=12728, stack(0x000000c004a00000,0x000000c004b00000)]
  0x000002520f184800 JavaThread "Cache worker for checksums cache (D:\KodingAkademiMobile\android\.gradle\7.5.1\checksums)" [_thread_blocked, id=6420, stack(0x000000c004b00000,0x000000c004c00000)]
  0x000002520f183000 JavaThread "Cache worker for cache directory md-rule (C:\Users\Anggi Widiantara\.gradle\caches\7.5.1\md-rule)" [_thread_blocked, id=12216, stack(0x000000c004c00000,0x000000c004d00000)]
  0x000002520f185000 JavaThread "Cache worker for file content cache (C:\Users\Anggi Widiantara\.gradle\caches\7.5.1\fileContent)" [_thread_blocked, id=13280, stack(0x000000c004d00000,0x000000c004e00000)]
  0x000002520f187000 JavaThread "Cache worker for file hash cache (D:\KodingAkademiMobile\android\.gradle\7.5.1\fileHashes)" [_thread_blocked, id=8564, stack(0x000000c004e00000,0x000000c004f00000)]
  0x00000252104a0800 JavaThread "Cache worker for cache directory md-supplier (C:\Users\Anggi Widiantara\.gradle\caches\7.5.1\md-supplier)" [_thread_blocked, id=3760, stack(0x000000c004f00000,0x000000c005000000)]
  0x000002521049c800 JavaThread "Cache worker for execution history cache (C:\Users\Anggi Widiantara\.gradle\caches\7.5.1\executionHistory)" [_thread_blocked, id=8708, stack(0x000000c005000000,0x000000c005100000)]
  0x000002521049b000 JavaThread "jar transforms" [_thread_blocked, id=12184, stack(0x000000c005100000,0x000000c005200000)]
  0x00000252104a1800 JavaThread "jar transforms Thread 2" [_thread_blocked, id=9188, stack(0x000000c005200000,0x000000c005300000)]
  0x000002521049e800 JavaThread "jar transforms Thread 3" [_thread_blocked, id=2484, stack(0x000000c005300000,0x000000c005400000)]
  0x000002521049c000 JavaThread "jar transforms Thread 4" [_thread_blocked, id=12600, stack(0x000000c005400000,0x000000c005500000)]
  0x00000252104a3000 JavaThread "Cache worker for kotlin-dsl (C:\Users\Anggi Widiantara\.gradle\caches\7.5.1\kotlin-dsl)" [_thread_blocked, id=8924, stack(0x000000c002500000,0x000000c002600000)]
  0x00000252104a2800 JavaThread "Cache worker for dependencies-accessors (D:\KodingAkademiMobile\android\.gradle\7.5.1\dependencies-accessors)" [_thread_blocked, id=10088, stack(0x000000c002600000,0x000000c002700000)]
  0x00000252104a0000 JavaThread "Cache worker for Build Output Cleanup Cache (D:\KodingAkademiMobile\node_modules\react-native-gradle-plugin\.gradle\buildOutputCleanup)" [_thread_blocked, id=13340, stack(0x000000c002700000,0x000000c002800000)]
  0x00000252104a5000 JavaThread "Unconstrained build operations" [_thread_blocked, id=8336, stack(0x000000c005700000,0x000000c005800000)]
  0x00000252104a4000 JavaThread "Unconstrained build operations Thread 2" [_thread_blocked, id=12168, stack(0x000000c005800000,0x000000c005900000)]
  0x000002521049f000 JavaThread "Unconstrained build operations Thread 3" [_thread_blocked, id=12332, stack(0x000000c005900000,0x000000c005a00000)]
  0x00000252104a7000 JavaThread "Unconstrained build operations Thread 4" [_thread_blocked, id=4016, stack(0x000000c005a00000,0x000000c005b00000)]
  0x00000252104a5800 JavaThread "Unconstrained build operations Thread 5" [_thread_blocked, id=10564, stack(0x000000c005b00000,0x000000c005c00000)]
  0x00000252104a6800 JavaThread "Unconstrained build operations Thread 6" [_thread_blocked, id=12788, stack(0x000000c005c00000,0x000000c005d00000)]
  0x00000252104a9000 JavaThread "Unconstrained build operations Thread 7" [_thread_blocked, id=4272, stack(0x000000c005d00000,0x000000c005e00000)]
  0x00000252104a8000 JavaThread "Unconstrained build operations Thread 8" [_thread_blocked, id=8832, stack(0x000000c005e00000,0x000000c005f00000)]
  0x00000252104a9800 JavaThread "Unconstrained build operations Thread 9" [_thread_blocked, id=6260, stack(0x000000c005f00000,0x000000c006000000)]
  0x0000025210318000 JavaThread "Unconstrained build operations Thread 10" [_thread_blocked, id=3156, stack(0x000000c006000000,0x000000c006100000)]
  0x0000025210319000 JavaThread "Unconstrained build operations Thread 11" [_thread_blocked, id=4788, stack(0x000000c006100000,0x000000c006200000)]
  0x000002521031b000 JavaThread "Unconstrained build operations Thread 12" [_thread_blocked, id=11856, stack(0x000000c006200000,0x000000c006300000)]
  0x0000025210319800 JavaThread "Unconstrained build operations Thread 13" [_thread_blocked, id=7444, stack(0x000000c006300000,0x000000c006400000)]
  0x000002521031c000 JavaThread "Unconstrained build operations Thread 14" [_thread_blocked, id=2648, stack(0x000000c006400000,0x000000c006500000)]
  0x000002521031a800 JavaThread "Unconstrained build operations Thread 15" [_thread_blocked, id=13388, stack(0x000000c006500000,0x000000c006600000)]
  0x000002521031d000 JavaThread "Unconstrained build operations Thread 16" [_thread_blocked, id=1584, stack(0x000000c006600000,0x000000c006700000)]
  0x0000025210317000 JavaThread "Unconstrained build operations Thread 17" [_thread_blocked, id=14292, stack(0x000000c006700000,0x000000c006800000)]
  0x0000025210322800 JavaThread "Unconstrained build operations Thread 18" [_thread_blocked, id=13292, stack(0x000000c006800000,0x000000c006900000)]
  0x0000025210323800 JavaThread "Unconstrained build operations Thread 19" [_thread_blocked, id=13364, stack(0x000000c006900000,0x000000c006a00000)]
  0x0000025210322000 JavaThread "Unconstrained build operations Thread 20" [_thread_blocked, id=13540, stack(0x000000c006a00000,0x000000c006b00000)]
  0x000002521031f800 JavaThread "Unconstrained build operations Thread 21" [_thread_blocked, id=8220, stack(0x000000c006b00000,0x000000c006c00000)]
  0x000002521031e800 JavaThread "Unconstrained build operations Thread 22" [_thread_blocked, id=5092, stack(0x000000c006c00000,0x000000c006d00000)]
  0x0000025210320000 JavaThread "Unconstrained build operations Thread 23" [_thread_blocked, id=13704, stack(0x000000c006d00000,0x000000c006e00000)]
  0x000002521031d800 JavaThread "Unconstrained build operations Thread 24" [_thread_blocked, id=13980, stack(0x000000c006e00000,0x000000c006f00000)]
  0x0000025210325000 JavaThread "Unconstrained build operations Thread 25" [_thread_blocked, id=6920, stack(0x000000c006f00000,0x000000c007000000)]
  0x0000025210324000 JavaThread "Unconstrained build operations Thread 26" [_thread_blocked, id=9592, stack(0x000000c007000000,0x000000c007100000)]
  0x0000025210326000 JavaThread "Unconstrained build operations Thread 27" [_thread_blocked, id=14116, stack(0x000000c007100000,0x000000c007200000)]
  0x0000025210321000 JavaThread "Unconstrained build operations Thread 28" [_thread_blocked, id=10524, stack(0x000000c007200000,0x000000c007300000)]
  0x0000025210aa0800 JavaThread "Unconstrained build operations Thread 29" [_thread_blocked, id=4524, stack(0x000000c007300000,0x000000c007400000)]
  0x0000025210a9f800 JavaThread "Unconstrained build operations Thread 30" [_thread_blocked, id=8036, stack(0x000000c007400000,0x000000c007500000)]
  0x0000025210a9a800 JavaThread "Unconstrained build operations Thread 31" [_thread_blocked, id=11136, stack(0x000000c007500000,0x000000c007600000)]
  0x0000025210aa1000 JavaThread "Unconstrained build operations Thread 32" [_thread_blocked, id=14288, stack(0x000000c007600000,0x000000c007700000)]
  0x0000025210a9c000 JavaThread "Unconstrained build operations Thread 33" [_thread_blocked, id=6824, stack(0x000000c007700000,0x000000c007800000)]
  0x0000025210a9e800 JavaThread "build event listener" [_thread_blocked, id=8280, stack(0x000000c007800000,0x000000c007900000)]
  0x0000025210a9b800 JavaThread "Memory manager" [_thread_blocked, id=10060, stack(0x000000c007900000,0x000000c007a00000)]
  0x0000025210a9e000 JavaThread "Cache worker for Build Output Cleanup Cache (D:\KodingAkademiMobile\android\.gradle\buildOutputCleanup)" [_thread_blocked, id=2548, stack(0x000000c007a00000,0x000000c007b00000)]
  0x0000025210aa2800 JavaThread "included builds" [_thread_blocked, id=8996, stack(0x000000c007b00000,0x000000c007c00000)]
  0x0000025210aa2000 JavaThread "Execution worker" [_thread_blocked, id=3712, stack(0x000000c007c00000,0x000000c007d00000)]
  0x0000025210a9d000 JavaThread "Execution worker Thread 2" [_thread_blocked, id=13860, stack(0x000000c007d00000,0x000000c007e00000)]
  0x0000025210aa7800 JavaThread "Execution worker Thread 3" [_thread_blocked, id=13640, stack(0x000000c007e00000,0x000000c007f00000)]
  0x0000025210aa6000 JavaThread "Cache worker for execution history cache (D:\KodingAkademiMobile\node_modules\react-native-gradle-plugin\.gradle\7.5.1\executionHistory)" [_thread_blocked, id=3788, stack(0x000000c007f00000,0x000000c008000000)]
  0x0000025210aa3800 JavaThread "Unconstrained build operations Thread 34" [_thread_blocked, id=11500, stack(0x000000c008000000,0x000000c008100000)]
  0x0000025210aa4800 JavaThread "Unconstrained build operations Thread 35" [_thread_blocked, id=9016, stack(0x000000c008100000,0x000000c008200000)]
  0x0000025210aa5000 JavaThread "Unconstrained build operations Thread 36" [_thread_blocked, id=12860, stack(0x000000c008200000,0x000000c008300000)]
  0x0000025210aa7000 JavaThread "Unconstrained build operations Thread 37" [_thread_blocked, id=9180, stack(0x000000c008300000,0x000000c008400000)]
  0x0000025210aa8800 JavaThread "Unconstrained build operations Thread 38" [_thread_blocked, id=6364, stack(0x000000c008400000,0x000000c008500000)]
  0x0000025210aa9800 JavaThread "Unconstrained build operations Thread 39" [_thread_blocked, id=9808, stack(0x000000c008500000,0x000000c008600000)]
  0x0000025210f78800 JavaThread "Unconstrained build operations Thread 40" [_thread_blocked, id=9760, stack(0x000000c008600000,0x000000c008700000)]
  0x0000025210f79800 JavaThread "Cache worker for execution history cache (D:\KodingAkademiMobile\android\.gradle\7.5.1\executionHistory)" [_thread_blocked, id=8680, stack(0x000000c005500000,0x000000c005600000)]

Other Threads:
=>0x000002527e4dc000 VMThread "VM Thread" [stack: 0x000000c002e00000,0x000000c002f00000] [id=8748]
  0x000002527e7d0000 WatcherThread [stack: 0x000000c003800000,0x000000c003900000] [id=3332]
  0x000002526e4db800 GCTaskThread "GC Thread#0" [stack: 0x000000c002900000,0x000000c002a00000] [id=1660]
  0x000002527ef51800 GCTaskThread "GC Thread#1" [stack: 0x000000c003900000,0x000000c003a00000] [id=12364]
  0x000002521002a800 GCTaskThread "GC Thread#2" [stack: 0x000000c003b00000,0x000000c003c00000] [id=12972]
  0x00000252102ad800 GCTaskThread "GC Thread#3" [stack: 0x000000c003c00000,0x000000c003d00000] [id=13084]
  0x000002526e50d000 ConcurrentGCThread "G1 Main Marker" [stack: 0x000000c002a00000,0x000000c002b00000] [id=9556]
  0x000002526e50f800 ConcurrentGCThread "G1 Conc#0" [stack: 0x000000c002b00000,0x000000c002c00000] [id=4796]
  0x000002526e569800 ConcurrentGCThread "G1 Refine#0" [stack: 0x000000c002c00000,0x000000c002d00000] [id=1540]
  0x000002526e56a800 ConcurrentGCThread "G1 Young RemSet Sampling" [stack: 0x000000c002d00000,0x000000c002e00000] [id=4240]

Threads with active compile tasks:
C2 CompilerThread0   166492 14979       4       org.gradle.internal.snapshot.impl.AbstractValueProcessor::processValue (745 bytes)

VM state:at safepoint (normal execution)

VM Mutex/Monitor currently owned by a thread:  ([mutex/lock_event])
[0x000002526e4bd720] Threads_lock - owner thread: 0x000002527e4dc000
[0x000002526e4bdb10] Heap_lock - owner thread: 0x000002521049c800

Heap address: 0x0000000080000000, size: 2048 MB, Compressed Oops mode: 32-bit
Narrow klass base: 0x0000000000000000, Narrow klass shift: 3
Compressed class space size: 528482304 Address: 0x0000000100000000

Heap:
 garbage-first heap   total 389120K, used 161593K [0x0000000080000000, 0x0000000100000000)
  region size 1024K, 9 young (9216K), 9 survivors (9216K)
 Metaspace       used 105946K, capacity 109698K, committed 109904K, reserved 612352K
  class space    used 13782K, capacity 15243K, committed 15360K, reserved 516096K
Heap Regions: E=young(eden), S=young(survivor), O=old, HS=humongous(starts), HC=humongous(continues), CS=collection set, F=free, A=archive, TAMS=top-at-mark-start (previous, next)
|   0|0x0000000080000000, 0x0000000080100000, 0x0000000080100000|100%|HS|  |TAMS 0x0000000080100000, 0x0000000080100000| Complete 
|   1|0x0000000080100000, 0x0000000080200000, 0x0000000080200000|100%|HC|  |TAMS 0x0000000080200000, 0x0000000080200000| Complete 
|   2|0x0000000080200000, 0x0000000080300000, 0x0000000080300000|100%|HC|  |TAMS 0x0000000080300000, 0x0000000080300000| Complete 
|   3|0x0000000080300000, 0x0000000080400000, 0x0000000080400000|100%| O|  |TAMS 0x0000000080400000, 0x0000000080400000| Untracked 
|   4|0x0000000080400000, 0x0000000080500000, 0x0000000080500000|100%| O|  |TAMS 0x0000000080500000, 0x0000000080500000| Untracked 
|   5|0x0000000080500000, 0x0000000080600000, 0x0000000080600000|100%| O|  |TAMS 0x0000000080600000, 0x0000000080600000| Untracked 
|   6|0x0000000080600000, 0x0000000080700000, 0x0000000080700000|100%| O|  |TAMS 0x0000000080700000, 0x0000000080700000| Untracked 
|   7|0x0000000080700000, 0x0000000080800000, 0x0000000080800000|100%| O|  |TAMS 0x0000000080800000, 0x0000000080800000| Untracked 
|   8|0x0000000080800000, 0x0000000080900000, 0x0000000080900000|100%| O|  |TAMS 0x0000000080900000, 0x0000000080900000| Untracked 
|   9|0x0000000080900000, 0x0000000080a00000, 0x0000000080a00000|100%| O|  |TAMS 0x0000000080a00000, 0x0000000080a00000| Untracked 
|  10|0x0000000080a00000, 0x0000000080b00000, 0x0000000080b00000|100%| O|  |TAMS 0x0000000080b00000, 0x0000000080b00000| Untracked 
|  11|0x0000000080b00000, 0x0000000080c00000, 0x0000000080c00000|100%| O|  |TAMS 0x0000000080c00000, 0x0000000080c00000| Untracked 
|  12|0x0000000080c00000, 0x0000000080d00000, 0x0000000080d00000|100%| O|  |TAMS 0x0000000080d00000, 0x0000000080d00000| Untracked 
|  13|0x0000000080d00000, 0x0000000080e00000, 0x0000000080e00000|100%| O|  |TAMS 0x0000000080e00000, 0x0000000080e00000| Untracked 
|  14|0x0000000080e00000, 0x0000000080f00000, 0x0000000080f00000|100%| O|  |TAMS 0x0000000080f00000, 0x0000000080f00000| Untracked 
|  15|0x0000000080f00000, 0x0000000081000000, 0x0000000081000000|100%| O|  |TAMS 0x0000000081000000, 0x0000000081000000| Untracked 
|  16|0x0000000081000000, 0x0000000081100000, 0x0000000081100000|100%| O|  |TAMS 0x0000000081100000, 0x0000000081100000| Untracked 
|  17|0x0000000081100000, 0x0000000081200000, 0x0000000081200000|100%| O|  |TAMS 0x0000000081200000, 0x0000000081200000| Untracked 
|  18|0x0000000081200000, 0x0000000081300000, 0x0000000081300000|100%| O|  |TAMS 0x0000000081300000, 0x0000000081300000| Untracked 
|  19|0x0000000081300000, 0x0000000081400000, 0x0000000081400000|100%| O|  |TAMS 0x0000000081400000, 0x0000000081400000| Untracked 
|  20|0x0000000081400000, 0x0000000081500000, 0x0000000081500000|100%| O|  |TAMS 0x0000000081500000, 0x0000000081500000| Untracked 
|  21|0x0000000081500000, 0x0000000081600000, 0x0000000081600000|100%| O|  |TAMS 0x0000000081600000, 0x0000000081600000| Untracked 
|  22|0x0000000081600000, 0x0000000081700000, 0x0000000081700000|100%| O|  |TAMS 0x0000000081700000, 0x0000000081700000| Untracked 
|  23|0x0000000081700000, 0x0000000081800000, 0x0000000081800000|100%| O|  |TAMS 0x0000000081800000, 0x0000000081800000| Untracked 
|  24|0x0000000081800000, 0x0000000081900000, 0x0000000081900000|100%| O|  |TAMS 0x0000000081900000, 0x0000000081900000| Untracked 
|  25|0x0000000081900000, 0x0000000081a00000, 0x0000000081a00000|100%| O|  |TAMS 0x0000000081a00000, 0x0000000081a00000| Untracked 
|  26|0x0000000081a00000, 0x0000000081b00000, 0x0000000081b00000|100%| O|  |TAMS 0x0000000081b00000, 0x0000000081b00000| Untracked 
|  27|0x0000000081b00000, 0x0000000081c00000, 0x0000000081c00000|100%| O|  |TAMS 0x0000000081c00000, 0x0000000081c00000| Untracked 
|  28|0x0000000081c00000, 0x0000000081d00000, 0x0000000081d00000|100%| O|  |TAMS 0x0000000081d00000, 0x0000000081d00000| Untracked 
|  29|0x0000000081d00000, 0x0000000081e00000, 0x0000000081e00000|100%| O|  |TAMS 0x0000000081e00000, 0x0000000081e00000| Untracked 
|  30|0x0000000081e00000, 0x0000000081f00000, 0x0000000081f00000|100%| O|  |TAMS 0x0000000081f00000, 0x0000000081f00000| Untracked 
|  31|0x0000000081f00000, 0x0000000082000000, 0x0000000082000000|100%| O|  |TAMS 0x0000000082000000, 0x0000000082000000| Untracked 
|  32|0x0000000082000000, 0x0000000082100000, 0x0000000082100000|100%|HS|  |TAMS 0x0000000082100000, 0x0000000082100000| Complete 
|  33|0x0000000082100000, 0x0000000082200000, 0x0000000082200000|100%|HS|  |TAMS 0x0000000082200000, 0x0000000082200000| Complete 
|  34|0x0000000082200000, 0x0000000082300000, 0x0000000082300000|100%|HC|  |TAMS 0x0000000082300000, 0x0000000082300000| Complete 
|  35|0x0000000082300000, 0x0000000082400000, 0x0000000082400000|100%|HC|  |TAMS 0x0000000082400000, 0x0000000082400000| Complete 
|  36|0x0000000082400000, 0x0000000082500000, 0x0000000082500000|100%| O|  |TAMS 0x0000000082500000, 0x0000000082500000| Untracked 
|  37|0x0000000082500000, 0x0000000082600000, 0x0000000082600000|100%| O|  |TAMS 0x0000000082600000, 0x0000000082600000| Untracked 
|  38|0x0000000082600000, 0x0000000082700000, 0x0000000082700000|100%| O|  |TAMS 0x0000000082700000, 0x0000000082700000| Untracked 
|  39|0x0000000082700000, 0x0000000082800000, 0x0000000082800000|100%| O|  |TAMS 0x0000000082800000, 0x0000000082800000| Untracked 
|  40|0x0000000082800000, 0x0000000082900000, 0x0000000082900000|100%| O|  |TAMS 0x0000000082900000, 0x0000000082900000| Untracked 
|  41|0x0000000082900000, 0x0000000082a00000, 0x0000000082a00000|100%| O|  |TAMS 0x0000000082a00000, 0x0000000082a00000| Untracked 
|  42|0x0000000082a00000, 0x0000000082b00000, 0x0000000082b00000|100%| O|  |TAMS 0x0000000082b00000, 0x0000000082b00000| Untracked 
|  43|0x0000000082b00000, 0x0000000082c00000, 0x0000000082c00000|100%| O|  |TAMS 0x0000000082c00000, 0x0000000082c00000| Untracked 
|  44|0x0000000082c00000, 0x0000000082d00000, 0x0000000082d00000|100%| O|  |TAMS 0x0000000082d00000, 0x0000000082d00000| Untracked 
|  45|0x0000000082d00000, 0x0000000082e00000, 0x0000000082e00000|100%| O|  |TAMS 0x0000000082e00000, 0x0000000082e00000| Untracked 
|  46|0x0000000082e00000, 0x0000000082f00000, 0x0000000082f00000|100%| O|  |TAMS 0x0000000082f00000, 0x0000000082f00000| Untracked 
|  47|0x0000000082f00000, 0x0000000083000000, 0x0000000083000000|100%| O|  |TAMS 0x0000000083000000, 0x0000000083000000| Untracked 
|  48|0x0000000083000000, 0x0000000083100000, 0x0000000083100000|100%| O|  |TAMS 0x0000000083100000, 0x0000000083100000| Untracked 
|  49|0x0000000083100000, 0x0000000083200000, 0x0000000083200000|100%| O|  |TAMS 0x0000000083200000, 0x0000000083200000| Untracked 
|  50|0x0000000083200000, 0x0000000083300000, 0x0000000083300000|100%| O|  |TAMS 0x0000000083300000, 0x0000000083300000| Untracked 
|  51|0x0000000083300000, 0x0000000083400000, 0x0000000083400000|100%| O|  |TAMS 0x0000000083400000, 0x0000000083400000| Untracked 
|  52|0x0000000083400000, 0x0000000083500000, 0x0000000083500000|100%| O|  |TAMS 0x0000000083500000, 0x0000000083500000| Untracked 
|  53|0x0000000083500000, 0x0000000083600000, 0x0000000083600000|100%| O|  |TAMS 0x0000000083600000, 0x0000000083600000| Untracked 
|  54|0x0000000083600000, 0x0000000083700000, 0x0000000083700000|100%| O|  |TAMS 0x0000000083700000, 0x0000000083700000| Untracked 
|  55|0x0000000083700000, 0x0000000083800000, 0x0000000083800000|100%| O|  |TAMS 0x0000000083800000, 0x0000000083800000| Untracked 
|  56|0x0000000083800000, 0x0000000083900000, 0x0000000083900000|100%|HS|  |TAMS 0x0000000083900000, 0x0000000083900000| Complete 
|  57|0x0000000083900000, 0x0000000083a00000, 0x0000000083a00000|100%|HS|  |TAMS 0x0000000083a00000, 0x0000000083a00000| Complete 
|  58|0x0000000083a00000, 0x0000000083b00000, 0x0000000083b00000|100%| O|  |TAMS 0x0000000083b00000, 0x0000000083b00000| Untracked 
|  59|0x0000000083b00000, 0x0000000083c00000, 0x0000000083c00000|100%| O|  |TAMS 0x0000000083c00000, 0x0000000083c00000| Untracked 
|  60|0x0000000083c00000, 0x0000000083d00000, 0x0000000083d00000|100%| O|  |TAMS 0x0000000083d00000, 0x0000000083d00000| Untracked 
|  61|0x0000000083d00000, 0x0000000083e00000, 0x0000000083e00000|100%| O|  |TAMS 0x0000000083e00000, 0x0000000083e00000| Untracked 
|  62|0x0000000083e00000, 0x0000000083f00000, 0x0000000083f00000|100%| O|  |TAMS 0x0000000083f00000, 0x0000000083f00000| Untracked 
|  63|0x0000000083f00000, 0x0000000084000000, 0x0000000084000000|100%|HS|  |TAMS 0x0000000084000000, 0x0000000084000000| Complete 
|  64|0x0000000084000000, 0x0000000084100000, 0x0000000084100000|100%|HC|  |TAMS 0x0000000084100000, 0x0000000084100000| Complete 
|  65|0x0000000084100000, 0x0000000084200000, 0x0000000084200000|100%| O|  |TAMS 0x0000000084200000, 0x0000000084200000| Untracked 
|  66|0x0000000084200000, 0x0000000084300000, 0x0000000084300000|100%| O|  |TAMS 0x0000000084300000, 0x0000000084300000| Untracked 
|  67|0x0000000084300000, 0x0000000084400000, 0x0000000084400000|100%| O|  |TAMS 0x0000000084400000, 0x0000000084400000| Untracked 
|  68|0x0000000084400000, 0x0000000084500000, 0x0000000084500000|100%| O|  |TAMS 0x0000000084500000, 0x0000000084500000| Untracked 
|  69|0x0000000084500000, 0x0000000084600000, 0x0000000084600000|100%| O|  |TAMS 0x0000000084600000, 0x0000000084600000| Untracked 
|  70|0x0000000084600000, 0x0000000084700000, 0x0000000084700000|100%| O|  |TAMS 0x0000000084700000, 0x0000000084700000| Untracked 
|  71|0x0000000084700000, 0x0000000084800000, 0x0000000084800000|100%| O|  |TAMS 0x0000000084800000, 0x0000000084800000| Untracked 
|  72|0x0000000084800000, 0x0000000084900000, 0x0000000084900000|100%| O|  |TAMS 0x0000000084900000, 0x0000000084900000| Untracked 
|  73|0x0000000084900000, 0x0000000084a00000, 0x0000000084a00000|100%| O|  |TAMS 0x0000000084a00000, 0x0000000084a00000| Untracked 
|  74|0x0000000084a00000, 0x0000000084b00000, 0x0000000084b00000|100%| O|  |TAMS 0x0000000084b00000, 0x0000000084b00000| Untracked 
|  75|0x0000000084b00000, 0x0000000084c00000, 0x0000000084c00000|100%| O|  |TAMS 0x0000000084c00000, 0x0000000084c00000| Untracked 
|  76|0x0000000084c00000, 0x0000000084d00000, 0x0000000084d00000|100%| O|  |TAMS 0x0000000084d00000, 0x0000000084d00000| Untracked 
|  77|0x0000000084d00000, 0x0000000084e00000, 0x0000000084e00000|100%| O|  |TAMS 0x0000000084e00000, 0x0000000084e00000| Untracked 
|  78|0x0000000084e00000, 0x0000000084f00000, 0x0000000084f00000|100%| O|  |TAMS 0x0000000084f00000, 0x0000000084f00000| Untracked 
|  79|0x0000000084f00000, 0x0000000085000000, 0x0000000085000000|100%| O|  |TAMS 0x0000000085000000, 0x0000000085000000| Untracked 
|  80|0x0000000085000000, 0x0000000085100000, 0x0000000085100000|100%| O|  |TAMS 0x0000000085100000, 0x0000000085100000| Untracked 
|  81|0x0000000085100000, 0x0000000085200000, 0x0000000085200000|100%| O|  |TAMS 0x0000000085200000, 0x0000000085200000| Untracked 
|  82|0x0000000085200000, 0x0000000085300000, 0x0000000085300000|100%| O|  |TAMS 0x0000000085300000, 0x0000000085300000| Untracked 
|  83|0x0000000085300000, 0x0000000085400000, 0x0000000085400000|100%|HS|  |TAMS 0x0000000085400000, 0x0000000085400000| Complete 
|  84|0x0000000085400000, 0x0000000085500000, 0x0000000085500000|100%|HC|  |TAMS 0x0000000085500000, 0x0000000085500000| Complete 
|  85|0x0000000085500000, 0x0000000085600000, 0x0000000085600000|100%|HS|  |TAMS 0x0000000085600000, 0x0000000085600000| Complete 
|  86|0x0000000085600000, 0x0000000085700000, 0x0000000085700000|100%|HC|  |TAMS 0x0000000085700000, 0x0000000085700000| Complete 
|  87|0x0000000085700000, 0x0000000085800000, 0x0000000085800000|100%|HC|  |TAMS 0x0000000085800000, 0x0000000085800000| Complete 
|  88|0x0000000085800000, 0x0000000085900000, 0x0000000085900000|100%|HC|  |TAMS 0x0000000085900000, 0x0000000085900000| Complete 
|  89|0x0000000085900000, 0x0000000085a00000, 0x0000000085a00000|100%| O|  |TAMS 0x0000000085a00000, 0x0000000085a00000| Untracked 
|  90|0x0000000085a00000, 0x0000000085b00000, 0x0000000085b00000|100%| O|  |TAMS 0x0000000085b00000, 0x0000000085b00000| Untracked 
|  91|0x0000000085b00000, 0x0000000085c00000, 0x0000000085c00000|100%| O|  |TAMS 0x0000000085c00000, 0x0000000085c00000| Untracked 
|  92|0x0000000085c00000, 0x0000000085d00000, 0x0000000085d00000|100%| O|  |TAMS 0x0000000085d00000, 0x0000000085d00000| Untracked 
|  93|0x0000000085d00000, 0x0000000085e00000, 0x0000000085e00000|100%| O|  |TAMS 0x0000000085e00000, 0x0000000085e00000| Untracked 
|  94|0x0000000085e00000, 0x0000000085f00000, 0x0000000085f00000|100%| O|  |TAMS 0x0000000085f00000, 0x0000000085f00000| Untracked 
|  95|0x0000000085f00000, 0x0000000086000000, 0x0000000086000000|100%| O|  |TAMS 0x0000000086000000, 0x0000000086000000| Untracked 
|  96|0x0000000086000000, 0x0000000086100000, 0x0000000086100000|100%| O|  |TAMS 0x0000000086100000, 0x0000000086100000| Untracked 
|  97|0x0000000086100000, 0x0000000086200000, 0x0000000086200000|100%| O|  |TAMS 0x0000000086200000, 0x0000000086200000| Untracked 
|  98|0x0000000086200000, 0x0000000086300000, 0x0000000086300000|100%| O|  |TAMS 0x0000000086300000, 0x0000000086300000| Untracked 
|  99|0x0000000086300000, 0x0000000086400000, 0x0000000086400000|100%| O|  |TAMS 0x0000000086400000, 0x0000000086400000| Untracked 
| 100|0x0000000086400000, 0x0000000086500000, 0x0000000086500000|100%| O|  |TAMS 0x0000000086500000, 0x0000000086500000| Untracked 
| 101|0x0000000086500000, 0x0000000086600000, 0x0000000086600000|100%| O|  |TAMS 0x0000000086600000, 0x0000000086600000| Untracked 
| 102|0x0000000086600000, 0x0000000086700000, 0x0000000086700000|100%| O|  |TAMS 0x0000000086700000, 0x0000000086700000| Untracked 
| 103|0x0000000086700000, 0x0000000086800000, 0x0000000086800000|100%|HS|  |TAMS 0x0000000086800000, 0x0000000086800000| Complete 
| 104|0x0000000086800000, 0x0000000086900000, 0x0000000086900000|100%|HS|  |TAMS 0x0000000086900000, 0x0000000086900000| Complete 
| 105|0x0000000086900000, 0x0000000086a00000, 0x0000000086a00000|100%|HS|  |TAMS 0x0000000086a00000, 0x0000000086a00000| Complete 
| 106|0x0000000086a00000, 0x0000000086b00000, 0x0000000086b00000|100%|HC|  |TAMS 0x0000000086b00000, 0x0000000086b00000| Complete 
| 107|0x0000000086b00000, 0x0000000086c00000, 0x0000000086c00000|100%|HC|  |TAMS 0x0000000086c00000, 0x0000000086c00000| Complete 
| 108|0x0000000086c00000, 0x0000000086d00000, 0x0000000086d00000|100%| O|  |TAMS 0x0000000086d00000, 0x0000000086d00000| Untracked 
| 109|0x0000000086d00000, 0x0000000086e00000, 0x0000000086e00000|100%| O|  |TAMS 0x0000000086e00000, 0x0000000086e00000| Untracked 
| 110|0x0000000086e00000, 0x0000000086f00000, 0x0000000086f00000|100%| O|  |TAMS 0x0000000086f00000, 0x0000000086f00000| Untracked 
| 111|0x0000000086f00000, 0x0000000087000000, 0x0000000087000000|100%| O|  |TAMS 0x0000000087000000, 0x0000000087000000| Untracked 
| 112|0x0000000087000000, 0x0000000087100000, 0x0000000087100000|100%| O|  |TAMS 0x0000000087100000, 0x0000000087100000| Untracked 
| 113|0x0000000087100000, 0x0000000087200000, 0x0000000087200000|100%| O|  |TAMS 0x0000000087200000, 0x0000000087200000| Untracked 
| 114|0x0000000087200000, 0x0000000087300000, 0x0000000087300000|100%| O|  |TAMS 0x0000000087300000, 0x0000000087300000| Untracked 
| 115|0x0000000087300000, 0x0000000087400000, 0x0000000087400000|100%| O|  |TAMS 0x0000000087400000, 0x0000000087400000| Untracked 
| 116|0x0000000087400000, 0x0000000087500000, 0x0000000087500000|100%| O|  |TAMS 0x0000000087500000, 0x0000000087500000| Untracked 
| 117|0x0000000087500000, 0x0000000087600000, 0x0000000087600000|100%| O|  |TAMS 0x0000000087600000, 0x0000000087600000| Untracked 
| 118|0x0000000087600000, 0x0000000087700000, 0x0000000087700000|100%| O|  |TAMS 0x0000000087700000, 0x0000000087700000| Untracked 
| 119|0x0000000087700000, 0x0000000087800000, 0x0000000087800000|100%| O|  |TAMS 0x0000000087800000, 0x0000000087800000| Untracked 
| 120|0x0000000087800000, 0x0000000087900000, 0x0000000087900000|100%| O|  |TAMS 0x0000000087900000, 0x0000000087900000| Untracked 
| 121|0x0000000087900000, 0x0000000087a00000, 0x0000000087a00000|100%| O|  |TAMS 0x0000000087a00000, 0x0000000087a00000| Untracked 
| 122|0x0000000087a00000, 0x0000000087b00000, 0x0000000087b00000|100%| O|  |TAMS 0x0000000087b00000, 0x0000000087b00000| Untracked 
| 123|0x0000000087b00000, 0x0000000087c00000, 0x0000000087c00000|100%| O|  |TAMS 0x0000000087c00000, 0x0000000087c00000| Untracked 
| 124|0x0000000087c00000, 0x0000000087d00000, 0x0000000087d00000|100%| O|  |TAMS 0x0000000087d00000, 0x0000000087d00000| Untracked 
| 125|0x0000000087d00000, 0x0000000087e00000, 0x0000000087e00000|100%| O|  |TAMS 0x0000000087e00000, 0x0000000087e00000| Untracked 
| 126|0x0000000087e00000, 0x0000000087f00000, 0x0000000087f00000|100%| O|  |TAMS 0x0000000087f00000, 0x0000000087f00000| Untracked 
| 127|0x0000000087f00000, 0x0000000088000000, 0x0000000088000000|100%| O|  |TAMS 0x0000000088000000, 0x0000000088000000| Untracked 
| 128|0x0000000088000000, 0x0000000088100000, 0x0000000088100000|100%| O|  |TAMS 0x0000000088100000, 0x0000000088100000| Untracked 
| 129|0x0000000088100000, 0x0000000088200000, 0x0000000088200000|100%| O|  |TAMS 0x0000000088200000, 0x0000000088200000| Untracked 
| 130|0x0000000088200000, 0x0000000088300000, 0x0000000088300000|100%| O|  |TAMS 0x0000000088300000, 0x0000000088300000| Untracked 
| 131|0x0000000088300000, 0x0000000088400000, 0x0000000088400000|100%| O|  |TAMS 0x0000000088400000, 0x0000000088400000| Untracked 
| 132|0x0000000088400000, 0x0000000088500000, 0x0000000088500000|100%| O|  |TAMS 0x0000000088500000, 0x0000000088500000| Untracked 
| 133|0x0000000088500000, 0x0000000088600000, 0x0000000088600000|100%| O|  |TAMS 0x0000000088600000, 0x0000000088600000| Untracked 
| 134|0x0000000088600000, 0x0000000088700000, 0x0000000088700000|100%| O|  |TAMS 0x0000000088700000, 0x0000000088700000| Untracked 
| 135|0x0000000088700000, 0x0000000088800000, 0x0000000088800000|100%| O|  |TAMS 0x0000000088800000, 0x0000000088800000| Untracked 
| 136|0x0000000088800000, 0x0000000088900000, 0x0000000088900000|100%| O|  |TAMS 0x0000000088900000, 0x0000000088900000| Untracked 
| 137|0x0000000088900000, 0x0000000088a00000, 0x0000000088a00000|100%| O|  |TAMS 0x0000000088a00000, 0x0000000088a00000| Untracked 
| 138|0x0000000088a00000, 0x0000000088b00000, 0x0000000088b00000|100%| O|  |TAMS 0x0000000088b00000, 0x0000000088b00000| Untracked 
| 139|0x0000000088b00000, 0x0000000088b00000, 0x0000000088c00000|  0%| F|  |TAMS 0x0000000088b00000, 0x0000000088b00000| Untracked 
| 140|0x0000000088c00000, 0x0000000088c00000, 0x0000000088d00000|  0%| F|  |TAMS 0x0000000088c00000, 0x0000000088c00000| Untracked 
| 141|0x0000000088d00000, 0x0000000088d00000, 0x0000000088e00000|  0%| F|  |TAMS 0x0000000088d00000, 0x0000000088d00000| Untracked 
| 142|0x0000000088e00000, 0x0000000088e00000, 0x0000000088f00000|  0%| F|  |TAMS 0x0000000088e00000, 0x0000000088e00000| Untracked 
| 143|0x0000000088f00000, 0x0000000089000000, 0x0000000089000000|100%| O|  |TAMS 0x0000000089000000, 0x0000000089000000| Untracked 
| 144|0x0000000089000000, 0x0000000089100000, 0x0000000089100000|100%| O|  |TAMS 0x0000000089100000, 0x0000000089100000| Untracked 
| 145|0x0000000089100000, 0x0000000089200000, 0x0000000089200000|100%| O|  |TAMS 0x0000000089200000, 0x0000000089200000| Untracked 
| 146|0x0000000089200000, 0x0000000089300000, 0x0000000089300000|100%| O|  |TAMS 0x0000000089300000, 0x0000000089300000| Untracked 
| 147|0x0000000089300000, 0x0000000089400000, 0x0000000089400000|100%| O|  |TAMS 0x0000000089400000, 0x0000000089400000| Untracked 
| 148|0x0000000089400000, 0x0000000089500000, 0x0000000089500000|100%| O|  |TAMS 0x0000000089500000, 0x0000000089500000| Untracked 
| 149|0x0000000089500000, 0x0000000089600000, 0x0000000089600000|100%| O|  |TAMS 0x0000000089600000, 0x0000000089600000| Untracked 
| 150|0x0000000089600000, 0x0000000089700000, 0x0000000089700000|100%| O|  |TAMS 0x0000000089700000, 0x0000000089700000| Untracked 
| 151|0x0000000089700000, 0x0000000089800000, 0x0000000089800000|100%| O|  |TAMS 0x0000000089800000, 0x0000000089800000| Untracked 
| 152|0x0000000089800000, 0x0000000089900000, 0x0000000089900000|100%| O|  |TAMS 0x0000000089900000, 0x0000000089900000| Untracked 
| 153|0x0000000089900000, 0x000000008997a200, 0x0000000089a00000| 47%| O|  |TAMS 0x000000008997a200, 0x000000008997a200| Untracked 
| 154|0x0000000089a00000, 0x0000000089a00000, 0x0000000089b00000|  0%| F|  |TAMS 0x0000000089a00000, 0x0000000089a00000| Untracked 
| 155|0x0000000089b00000, 0x0000000089b00000, 0x0000000089c00000|  0%| F|  |TAMS 0x0000000089b00000, 0x0000000089b00000| Untracked 
| 156|0x0000000089c00000, 0x0000000089c00000, 0x0000000089d00000|  0%| F|  |TAMS 0x0000000089c00000, 0x0000000089c00000| Untracked 
| 157|0x0000000089d00000, 0x0000000089d00000, 0x0000000089e00000|  0%| F|  |TAMS 0x0000000089d00000, 0x0000000089d00000| Untracked 
| 158|0x0000000089e00000, 0x0000000089e00000, 0x0000000089f00000|  0%| F|  |TAMS 0x0000000089e00000, 0x0000000089e00000| Untracked 
| 159|0x0000000089f00000, 0x0000000089f00000, 0x000000008a000000|  0%| F|  |TAMS 0x0000000089f00000, 0x0000000089f00000| Untracked 
| 160|0x000000008a000000, 0x000000008a000000, 0x000000008a100000|  0%| F|  |TAMS 0x000000008a000000, 0x000000008a000000| Untracked 
| 161|0x000000008a100000, 0x000000008a100000, 0x000000008a200000|  0%| F|  |TAMS 0x000000008a100000, 0x000000008a100000| Untracked 
| 162|0x000000008a200000, 0x000000008a200000, 0x000000008a300000|  0%| F|  |TAMS 0x000000008a200000, 0x000000008a200000| Untracked 
| 163|0x000000008a300000, 0x000000008a300000, 0x000000008a400000|  0%| F|  |TAMS 0x000000008a300000, 0x000000008a300000| Untracked 
| 164|0x000000008a400000, 0x000000008a400000, 0x000000008a500000|  0%| F|  |TAMS 0x000000008a400000, 0x000000008a400000| Untracked 
| 165|0x000000008a500000, 0x000000008a500000, 0x000000008a600000|  0%| F|  |TAMS 0x000000008a500000, 0x000000008a500000| Untracked 
| 166|0x000000008a600000, 0x000000008a600000, 0x000000008a700000|  0%| F|  |TAMS 0x000000008a600000, 0x000000008a600000| Untracked 
| 167|0x000000008a700000, 0x000000008a700000, 0x000000008a800000|  0%| F|  |TAMS 0x000000008a700000, 0x000000008a700000| Untracked 
| 168|0x000000008a800000, 0x000000008a800000, 0x000000008a900000|  0%| F|  |TAMS 0x000000008a800000, 0x000000008a800000| Untracked 
| 169|0x000000008a900000, 0x000000008a900000, 0x000000008aa00000|  0%| F|  |TAMS 0x000000008a900000, 0x000000008a900000| Untracked 
| 170|0x000000008aa00000, 0x000000008aa00000, 0x000000008ab00000|  0%| F|  |TAMS 0x000000008aa00000, 0x000000008aa00000| Untracked 
| 171|0x000000008ab00000, 0x000000008ab00000, 0x000000008ac00000|  0%| F|  |TAMS 0x000000008ab00000, 0x000000008ab00000| Untracked 
| 172|0x000000008ac00000, 0x000000008ac00000, 0x000000008ad00000|  0%| F|  |TAMS 0x000000008ac00000, 0x000000008ac00000| Untracked 
| 173|0x000000008ad00000, 0x000000008ad00000, 0x000000008ae00000|  0%| F|  |TAMS 0x000000008ad00000, 0x000000008ad00000| Untracked 
| 174|0x000000008ae00000, 0x000000008ae00000, 0x000000008af00000|  0%| F|  |TAMS 0x000000008ae00000, 0x000000008ae00000| Untracked 
| 175|0x000000008af00000, 0x000000008af00000, 0x000000008b000000|  0%| F|  |TAMS 0x000000008af00000, 0x000000008af00000| Untracked 
| 176|0x000000008b000000, 0x000000008b000000, 0x000000008b100000|  0%| F|  |TAMS 0x000000008b000000, 0x000000008b000000| Untracked 
| 177|0x000000008b100000, 0x000000008b100000, 0x000000008b200000|  0%| F|  |TAMS 0x000000008b100000, 0x000000008b100000| Untracked 
| 178|0x000000008b200000, 0x000000008b200000, 0x000000008b300000|  0%| F|  |TAMS 0x000000008b200000, 0x000000008b200000| Untracked 
| 179|0x000000008b300000, 0x000000008b300000, 0x000000008b400000|  0%| F|  |TAMS 0x000000008b300000, 0x000000008b300000| Untracked 
| 180|0x000000008b400000, 0x000000008b400000, 0x000000008b500000|  0%| F|  |TAMS 0x000000008b400000, 0x000000008b400000| Untracked 
| 181|0x000000008b500000, 0x000000008b500000, 0x000000008b600000|  0%| F|  |TAMS 0x000000008b500000, 0x000000008b500000| Untracked 
| 182|0x000000008b600000, 0x000000008b600000, 0x000000008b700000|  0%| F|  |TAMS 0x000000008b600000, 0x000000008b600000| Untracked 
| 183|0x000000008b700000, 0x000000008b700000, 0x000000008b800000|  0%| F|  |TAMS 0x000000008b700000, 0x000000008b700000| Untracked 
| 184|0x000000008b800000, 0x000000008b800000, 0x000000008b900000|  0%| F|  |TAMS 0x000000008b800000, 0x000000008b800000| Untracked 
| 185|0x000000008b900000, 0x000000008b900000, 0x000000008ba00000|  0%| F|  |TAMS 0x000000008b900000, 0x000000008b900000| Untracked 
| 186|0x000000008ba00000, 0x000000008ba00000, 0x000000008bb00000|  0%| F|  |TAMS 0x000000008ba00000, 0x000000008ba00000| Untracked 
| 187|0x000000008bb00000, 0x000000008bb00000, 0x000000008bc00000|  0%| F|  |TAMS 0x000000008bb00000, 0x000000008bb00000| Untracked 
| 188|0x000000008bc00000, 0x000000008bc00000, 0x000000008bd00000|  0%| F|  |TAMS 0x000000008bc00000, 0x000000008bc00000| Untracked 
| 189|0x000000008bd00000, 0x000000008bd00000, 0x000000008be00000|  0%| F|  |TAMS 0x000000008bd00000, 0x000000008bd00000| Untracked 
| 190|0x000000008be00000, 0x000000008be00000, 0x000000008bf00000|  0%| F|  |TAMS 0x000000008be00000, 0x000000008be00000| Untracked 
| 191|0x000000008bf00000, 0x000000008bf00000, 0x000000008c000000|  0%| F|  |TAMS 0x000000008bf00000, 0x000000008bf00000| Untracked 
| 192|0x000000008c000000, 0x000000008c000000, 0x000000008c100000|  0%| F|  |TAMS 0x000000008c000000, 0x000000008c000000| Untracked 
| 193|0x000000008c100000, 0x000000008c100000, 0x000000008c200000|  0%| F|  |TAMS 0x000000008c100000, 0x000000008c100000| Untracked 
| 194|0x000000008c200000, 0x000000008c200000, 0x000000008c300000|  0%| F|  |TAMS 0x000000008c200000, 0x000000008c200000| Untracked 
| 195|0x000000008c300000, 0x000000008c300000, 0x000000008c400000|  0%| F|  |TAMS 0x000000008c300000, 0x000000008c300000| Untracked 
| 196|0x000000008c400000, 0x000000008c400000, 0x000000008c500000|  0%| F|  |TAMS 0x000000008c400000, 0x000000008c400000| Untracked 
| 197|0x000000008c500000, 0x000000008c500000, 0x000000008c600000|  0%| F|  |TAMS 0x000000008c500000, 0x000000008c500000| Untracked 
| 198|0x000000008c600000, 0x000000008c600000, 0x000000008c700000|  0%| F|  |TAMS 0x000000008c600000, 0x000000008c600000| Untracked 
| 199|0x000000008c700000, 0x000000008c700000, 0x000000008c800000|  0%| F|  |TAMS 0x000000008c700000, 0x000000008c700000| Untracked 
| 200|0x000000008c800000, 0x000000008c800000, 0x000000008c900000|  0%| F|  |TAMS 0x000000008c800000, 0x000000008c800000| Untracked 
| 201|0x000000008c900000, 0x000000008c900000, 0x000000008ca00000|  0%| F|  |TAMS 0x000000008c900000, 0x000000008c900000| Untracked 
| 202|0x000000008ca00000, 0x000000008ca00000, 0x000000008cb00000|  0%| F|  |TAMS 0x000000008ca00000, 0x000000008ca00000| Untracked 
| 203|0x000000008cb00000, 0x000000008cb00000, 0x000000008cc00000|  0%| F|  |TAMS 0x000000008cb00000, 0x000000008cb00000| Untracked 
| 204|0x000000008cc00000, 0x000000008cc00000, 0x000000008cd00000|  0%| F|  |TAMS 0x000000008cc00000, 0x000000008cc00000| Untracked 
| 205|0x000000008cd00000, 0x000000008cd00000, 0x000000008ce00000|  0%| F|  |TAMS 0x000000008cd00000, 0x000000008cd00000| Untracked 
| 206|0x000000008ce00000, 0x000000008ce00000, 0x000000008cf00000|  0%| F|  |TAMS 0x000000008ce00000, 0x000000008ce00000| Untracked 
| 207|0x000000008cf00000, 0x000000008cf00000, 0x000000008d000000|  0%| F|  |TAMS 0x000000008cf00000, 0x000000008cf00000| Untracked 
| 208|0x000000008d000000, 0x000000008d000000, 0x000000008d100000|  0%| F|  |TAMS 0x000000008d000000, 0x000000008d000000| Untracked 
| 209|0x000000008d100000, 0x000000008d100000, 0x000000008d200000|  0%| F|  |TAMS 0x000000008d100000, 0x000000008d100000| Untracked 
| 210|0x000000008d200000, 0x000000008d200000, 0x000000008d300000|  0%| F|  |TAMS 0x000000008d200000, 0x000000008d200000| Untracked 
| 211|0x000000008d300000, 0x000000008d300000, 0x000000008d400000|  0%| F|  |TAMS 0x000000008d300000, 0x000000008d300000| Untracked 
| 212|0x000000008d400000, 0x000000008d400000, 0x000000008d500000|  0%| F|  |TAMS 0x000000008d400000, 0x000000008d400000| Untracked 
| 213|0x000000008d500000, 0x000000008d500000, 0x000000008d600000|  0%| F|  |TAMS 0x000000008d500000, 0x000000008d500000| Untracked 
| 214|0x000000008d600000, 0x000000008d600000, 0x000000008d700000|  0%| F|  |TAMS 0x000000008d600000, 0x000000008d600000| Untracked 
| 215|0x000000008d700000, 0x000000008d700000, 0x000000008d800000|  0%| F|  |TAMS 0x000000008d700000, 0x000000008d700000| Untracked 
| 216|0x000000008d800000, 0x000000008d800000, 0x000000008d900000|  0%| F|  |TAMS 0x000000008d800000, 0x000000008d800000| Untracked 
| 217|0x000000008d900000, 0x000000008d900000, 0x000000008da00000|  0%| F|  |TAMS 0x000000008d900000, 0x000000008d900000| Untracked 
| 218|0x000000008da00000, 0x000000008da00000, 0x000000008db00000|  0%| F|  |TAMS 0x000000008da00000, 0x000000008da00000| Untracked 
| 219|0x000000008db00000, 0x000000008db00000, 0x000000008dc00000|  0%| F|  |TAMS 0x000000008db00000, 0x000000008db00000| Untracked 
| 220|0x000000008dc00000, 0x000000008dc00000, 0x000000008dd00000|  0%| F|  |TAMS 0x000000008dc00000, 0x000000008dc00000| Untracked 
| 221|0x000000008dd00000, 0x000000008dd00000, 0x000000008de00000|  0%| F|  |TAMS 0x000000008dd00000, 0x000000008dd00000| Untracked 
| 222|0x000000008de00000, 0x000000008de00000, 0x000000008df00000|  0%| F|  |TAMS 0x000000008de00000, 0x000000008de00000| Untracked 
| 223|0x000000008df00000, 0x000000008df00000, 0x000000008e000000|  0%| F|  |TAMS 0x000000008df00000, 0x000000008df00000| Untracked 
| 224|0x000000008e000000, 0x000000008e000000, 0x000000008e100000|  0%| F|  |TAMS 0x000000008e000000, 0x000000008e000000| Untracked 
| 225|0x000000008e100000, 0x000000008e100000, 0x000000008e200000|  0%| F|  |TAMS 0x000000008e100000, 0x000000008e100000| Untracked 
| 226|0x000000008e200000, 0x000000008e200000, 0x000000008e300000|  0%| F|  |TAMS 0x000000008e200000, 0x000000008e200000| Untracked 
| 227|0x000000008e300000, 0x000000008e300000, 0x000000008e400000|  0%| F|  |TAMS 0x000000008e300000, 0x000000008e300000| Untracked 
| 228|0x000000008e400000, 0x000000008e400000, 0x000000008e500000|  0%| F|  |TAMS 0x000000008e400000, 0x000000008e400000| Untracked 
| 229|0x000000008e500000, 0x000000008e500000, 0x000000008e600000|  0%| F|  |TAMS 0x000000008e500000, 0x000000008e500000| Untracked 
| 230|0x000000008e600000, 0x000000008e600000, 0x000000008e700000|  0%| F|  |TAMS 0x000000008e600000, 0x000000008e600000| Untracked 
| 231|0x000000008e700000, 0x000000008e700000, 0x000000008e800000|  0%| F|  |TAMS 0x000000008e700000, 0x000000008e700000| Untracked 
| 232|0x000000008e800000, 0x000000008e800000, 0x000000008e900000|  0%| F|  |TAMS 0x000000008e800000, 0x000000008e800000| Untracked 
| 233|0x000000008e900000, 0x000000008e900000, 0x000000008ea00000|  0%| F|  |TAMS 0x000000008e900000, 0x000000008e900000| Untracked 
| 234|0x000000008ea00000, 0x000000008ea00000, 0x000000008eb00000|  0%| F|  |TAMS 0x000000008ea00000, 0x000000008ea00000| Untracked 
| 235|0x000000008eb00000, 0x000000008eb00000, 0x000000008ec00000|  0%| F|  |TAMS 0x000000008eb00000, 0x000000008eb00000| Untracked 
| 236|0x000000008ec00000, 0x000000008ec00000, 0x000000008ed00000|  0%| F|  |TAMS 0x000000008ec00000, 0x000000008ec00000| Untracked 
| 237|0x000000008ed00000, 0x000000008ed00000, 0x000000008ee00000|  0%| F|  |TAMS 0x000000008ed00000, 0x000000008ed00000| Untracked 
| 238|0x000000008ee00000, 0x000000008ee00000, 0x000000008ef00000|  0%| F|  |TAMS 0x000000008ee00000, 0x000000008ee00000| Untracked 
| 239|0x000000008ef00000, 0x000000008ef00000, 0x000000008f000000|  0%| F|  |TAMS 0x000000008ef00000, 0x000000008ef00000| Untracked 
| 240|0x000000008f000000, 0x000000008f000000, 0x000000008f100000|  0%| F|  |TAMS 0x000000008f000000, 0x000000008f000000| Untracked 
| 241|0x000000008f100000, 0x000000008f100000, 0x000000008f200000|  0%| F|  |TAMS 0x000000008f100000, 0x000000008f100000| Untracked 
| 242|0x000000008f200000, 0x000000008f200000, 0x000000008f300000|  0%| F|  |TAMS 0x000000008f200000, 0x000000008f200000| Untracked 
| 243|0x000000008f300000, 0x000000008f300000, 0x000000008f400000|  0%| F|  |TAMS 0x000000008f300000, 0x000000008f300000| Untracked 
| 244|0x000000008f400000, 0x000000008f400000, 0x000000008f500000|  0%| F|  |TAMS 0x000000008f400000, 0x000000008f400000| Untracked 
| 245|0x000000008f500000, 0x000000008f500000, 0x000000008f600000|  0%| F|  |TAMS 0x000000008f500000, 0x000000008f500000| Untracked 
| 246|0x000000008f600000, 0x000000008f600000, 0x000000008f700000|  0%| F|  |TAMS 0x000000008f600000, 0x000000008f600000| Untracked 
| 247|0x000000008f700000, 0x000000008f700000, 0x000000008f800000|  0%| F|  |TAMS 0x000000008f700000, 0x000000008f700000| Untracked 
| 248|0x000000008f800000, 0x000000008f800000, 0x000000008f900000|  0%| F|  |TAMS 0x000000008f800000, 0x000000008f800000| Untracked 
| 249|0x000000008f900000, 0x000000008f900000, 0x000000008fa00000|  0%| F|  |TAMS 0x000000008f900000, 0x000000008f900000| Untracked 
| 250|0x000000008fa00000, 0x000000008fa00000, 0x000000008fb00000|  0%| F|  |TAMS 0x000000008fa00000, 0x000000008fa00000| Untracked 
| 251|0x000000008fb00000, 0x000000008fb00000, 0x000000008fc00000|  0%| F|  |TAMS 0x000000008fb00000, 0x000000008fb00000| Untracked 
| 252|0x000000008fc00000, 0x000000008fc00000, 0x000000008fd00000|  0%| F|  |TAMS 0x000000008fc00000, 0x000000008fc00000| Untracked 
| 253|0x000000008fd00000, 0x000000008fd00000, 0x000000008fe00000|  0%| F|  |TAMS 0x000000008fd00000, 0x000000008fd00000| Untracked 
| 254|0x000000008fe00000, 0x000000008fe00000, 0x000000008ff00000|  0%| F|  |TAMS 0x000000008fe00000, 0x000000008fe00000| Untracked 
| 255|0x000000008ff00000, 0x000000008ff00000, 0x0000000090000000|  0%| F|  |TAMS 0x000000008ff00000, 0x000000008ff00000| Untracked 
| 256|0x0000000090000000, 0x0000000090000000, 0x0000000090100000|  0%| F|  |TAMS 0x0000000090000000, 0x0000000090000000| Untracked 
| 257|0x0000000090100000, 0x0000000090100000, 0x0000000090200000|  0%| F|  |TAMS 0x0000000090100000, 0x0000000090100000| Untracked 
| 258|0x0000000090200000, 0x0000000090200000, 0x0000000090300000|  0%| F|  |TAMS 0x0000000090200000, 0x0000000090200000| Untracked 
| 259|0x0000000090300000, 0x0000000090300000, 0x0000000090400000|  0%| F|  |TAMS 0x0000000090300000, 0x0000000090300000| Untracked 
| 260|0x0000000090400000, 0x0000000090400000, 0x0000000090500000|  0%| F|  |TAMS 0x0000000090400000, 0x0000000090400000| Untracked 
| 261|0x0000000090500000, 0x0000000090500000, 0x0000000090600000|  0%| F|  |TAMS 0x0000000090500000, 0x0000000090500000| Untracked 
| 262|0x0000000090600000, 0x0000000090600000, 0x0000000090700000|  0%| F|  |TAMS 0x0000000090600000, 0x0000000090600000| Untracked 
| 263|0x0000000090700000, 0x0000000090700000, 0x0000000090800000|  0%| F|  |TAMS 0x0000000090700000, 0x0000000090700000| Untracked 
| 264|0x0000000090800000, 0x0000000090800000, 0x0000000090900000|  0%| F|  |TAMS 0x0000000090800000, 0x0000000090800000| Untracked 
| 265|0x0000000090900000, 0x0000000090900000, 0x0000000090a00000|  0%| F|  |TAMS 0x0000000090900000, 0x0000000090900000| Untracked 
| 266|0x0000000090a00000, 0x0000000090a00000, 0x0000000090b00000|  0%| F|  |TAMS 0x0000000090a00000, 0x0000000090a00000| Untracked 
| 267|0x0000000090b00000, 0x0000000090b00000, 0x0000000090c00000|  0%| F|  |TAMS 0x0000000090b00000, 0x0000000090b00000| Untracked 
| 268|0x0000000090c00000, 0x0000000090c00000, 0x0000000090d00000|  0%| F|  |TAMS 0x0000000090c00000, 0x0000000090c00000| Untracked 
| 269|0x0000000090d00000, 0x0000000090d00000, 0x0000000090e00000|  0%| F|  |TAMS 0x0000000090d00000, 0x0000000090d00000| Untracked 
| 270|0x0000000090e00000, 0x0000000090e00000, 0x0000000090f00000|  0%| F|  |TAMS 0x0000000090e00000, 0x0000000090e00000| Untracked 
| 271|0x0000000090f00000, 0x0000000090f54580, 0x0000000091000000| 32%| S|CS|TAMS 0x0000000090f00000, 0x0000000090f00000| Complete 
| 272|0x0000000091000000, 0x0000000091100000, 0x0000000091100000|100%| S|CS|TAMS 0x0000000091000000, 0x0000000091000000| Complete 
| 273|0x0000000091100000, 0x0000000091200000, 0x0000000091200000|100%| S|CS|TAMS 0x0000000091100000, 0x0000000091100000| Complete 
| 274|0x0000000091200000, 0x0000000091300000, 0x0000000091300000|100%| S|CS|TAMS 0x0000000091200000, 0x0000000091200000| Complete 
| 275|0x0000000091300000, 0x0000000091400000, 0x0000000091400000|100%| S|CS|TAMS 0x0000000091300000, 0x0000000091300000| Complete 
| 276|0x0000000091400000, 0x0000000091500000, 0x0000000091500000|100%| S|CS|TAMS 0x0000000091400000, 0x0000000091400000| Complete 
| 277|0x0000000091500000, 0x0000000091600000, 0x0000000091600000|100%| S|CS|TAMS 0x0000000091500000, 0x0000000091500000| Complete 
| 278|0x0000000091600000, 0x0000000091700000, 0x0000000091700000|100%| S|CS|TAMS 0x0000000091600000, 0x0000000091600000| Complete 
| 279|0x0000000091700000, 0x0000000091800000, 0x0000000091800000|100%| S|CS|TAMS 0x0000000091700000, 0x0000000091700000| Complete 
| 280|0x0000000091800000, 0x0000000091800000, 0x0000000091900000|  0%| F|  |TAMS 0x0000000091800000, 0x0000000091800000| Untracked 
| 281|0x0000000091900000, 0x0000000091900000, 0x0000000091a00000|  0%| F|  |TAMS 0x0000000091900000, 0x0000000091900000| Untracked 
| 282|0x0000000091a00000, 0x0000000091a00000, 0x0000000091b00000|  0%| F|  |TAMS 0x0000000091a00000, 0x0000000091a00000| Untracked 
| 283|0x0000000091b00000, 0x0000000091b00000, 0x0000000091c00000|  0%| F|  |TAMS 0x0000000091b00000, 0x0000000091b00000| Untracked 
| 284|0x0000000091c00000, 0x0000000091c00000, 0x0000000091d00000|  0%| F|  |TAMS 0x0000000091c00000, 0x0000000091c00000| Untracked 
| 285|0x0000000091d00000, 0x0000000091d00000, 0x0000000091e00000|  0%| F|  |TAMS 0x0000000091d00000, 0x0000000091d00000| Untracked 
| 286|0x0000000091e00000, 0x0000000091e00000, 0x0000000091f00000|  0%| F|  |TAMS 0x0000000091e00000, 0x0000000091e00000| Untracked 
| 287|0x0000000091f00000, 0x0000000091f00000, 0x0000000092000000|  0%| F|  |TAMS 0x0000000091f00000, 0x0000000091f00000| Untracked 
| 288|0x0000000092000000, 0x0000000092000000, 0x0000000092100000|  0%| F|  |TAMS 0x0000000092000000, 0x0000000092000000| Untracked 
| 289|0x0000000092100000, 0x0000000092100000, 0x0000000092200000|  0%| F|  |TAMS 0x0000000092100000, 0x0000000092100000| Untracked 
| 290|0x0000000092200000, 0x0000000092200000, 0x0000000092300000|  0%| F|  |TAMS 0x0000000092200000, 0x0000000092200000| Untracked 
| 291|0x0000000092300000, 0x0000000092300000, 0x0000000092400000|  0%| F|  |TAMS 0x0000000092300000, 0x0000000092300000| Untracked 
| 292|0x0000000092400000, 0x0000000092400000, 0x0000000092500000|  0%| F|  |TAMS 0x0000000092400000, 0x0000000092400000| Untracked 
| 293|0x0000000092500000, 0x0000000092500000, 0x0000000092600000|  0%| F|  |TAMS 0x0000000092500000, 0x0000000092500000| Untracked 
| 294|0x0000000092600000, 0x0000000092600000, 0x0000000092700000|  0%| F|  |TAMS 0x0000000092600000, 0x0000000092600000| Untracked 
| 295|0x0000000092700000, 0x0000000092700000, 0x0000000092800000|  0%| F|  |TAMS 0x0000000092700000, 0x0000000092700000| Untracked 
| 296|0x0000000092800000, 0x0000000092800000, 0x0000000092900000|  0%| F|  |TAMS 0x0000000092800000, 0x0000000092800000| Untracked 
| 297|0x0000000092900000, 0x0000000092900000, 0x0000000092a00000|  0%| F|  |TAMS 0x0000000092900000, 0x0000000092900000| Untracked 
| 298|0x0000000092a00000, 0x0000000092a00000, 0x0000000092b00000|  0%| F|  |TAMS 0x0000000092a00000, 0x0000000092a00000| Untracked 
| 299|0x0000000092b00000, 0x0000000092b00000, 0x0000000092c00000|  0%| F|  |TAMS 0x0000000092b00000, 0x0000000092b00000| Untracked 
| 300|0x0000000092c00000, 0x0000000092c00000, 0x0000000092d00000|  0%| F|  |TAMS 0x0000000092c00000, 0x0000000092c00000| Untracked 
| 301|0x0000000092d00000, 0x0000000092d00000, 0x0000000092e00000|  0%| F|  |TAMS 0x0000000092d00000, 0x0000000092d00000| Untracked 
| 302|0x0000000092e00000, 0x0000000092e00000, 0x0000000092f00000|  0%| F|  |TAMS 0x0000000092e00000, 0x0000000092e00000| Untracked 
| 303|0x0000000092f00000, 0x0000000092f00000, 0x0000000093000000|  0%| F|  |TAMS 0x0000000092f00000, 0x0000000092f00000| Untracked 
| 304|0x0000000093000000, 0x0000000093000000, 0x0000000093100000|  0%| F|  |TAMS 0x0000000093000000, 0x0000000093000000| Untracked 
| 305|0x0000000093100000, 0x0000000093100000, 0x0000000093200000|  0%| F|  |TAMS 0x0000000093100000, 0x0000000093100000| Untracked 
| 306|0x0000000093200000, 0x0000000093200000, 0x0000000093300000|  0%| F|  |TAMS 0x0000000093200000, 0x0000000093200000| Untracked 
| 307|0x0000000093300000, 0x0000000093300000, 0x0000000093400000|  0%| F|  |TAMS 0x0000000093300000, 0x0000000093300000| Untracked 
| 308|0x0000000093400000, 0x0000000093400000, 0x0000000093500000|  0%| F|  |TAMS 0x0000000093400000, 0x0000000093400000| Untracked 
| 309|0x0000000093500000, 0x0000000093500000, 0x0000000093600000|  0%| F|  |TAMS 0x0000000093500000, 0x0000000093500000| Untracked 
| 310|0x0000000093600000, 0x0000000093600000, 0x0000000093700000|  0%| F|  |TAMS 0x0000000093600000, 0x0000000093600000| Untracked 
| 311|0x0000000093700000, 0x0000000093700000, 0x0000000093800000|  0%| F|  |TAMS 0x0000000093700000, 0x0000000093700000| Untracked 
| 312|0x0000000093800000, 0x0000000093800000, 0x0000000093900000|  0%| F|  |TAMS 0x0000000093800000, 0x0000000093800000| Untracked 
| 313|0x0000000093900000, 0x0000000093900000, 0x0000000093a00000|  0%| F|  |TAMS 0x0000000093900000, 0x0000000093900000| Untracked 
| 314|0x0000000093a00000, 0x0000000093a00000, 0x0000000093b00000|  0%| F|  |TAMS 0x0000000093a00000, 0x0000000093a00000| Untracked 
| 315|0x0000000093b00000, 0x0000000093b00000, 0x0000000093c00000|  0%| F|  |TAMS 0x0000000093b00000, 0x0000000093b00000| Untracked 

Card table byte_map: [0x0000025277040000,0x0000025277440000] _byte_map_base: 0x0000025276c40000

Marking Bits (Prev, Next): (CMBitMap*) 0x000002526e504480, (CMBitMap*) 0x000002526e504448
 Prev Bits: [0x0000025279840000, 0x000002527b840000)
 Next Bits: [0x0000025277840000, 0x0000025279840000)

Polling page: 0x000002526c410000

Metaspace:

Usage:
  Non-class:     92.24 MB capacity,    90.00 MB ( 98%) used,     1.91 MB (  2%) free+waste,   336.38 KB ( <1%) overhead. 
      Class:     14.89 MB capacity,    13.46 MB ( 90%) used,     1.28 MB (  9%) free+waste,   152.38 KB ( <1%) overhead. 
       Both:    107.13 MB capacity,   103.46 MB ( 97%) used,     3.19 MB (  3%) free+waste,   488.75 KB ( <1%) overhead. 

Virtual space:
  Non-class space:       94.00 MB reserved,      92.33 MB ( 98%) committed 
      Class space:      504.00 MB reserved,      15.00 MB (  3%) committed 
             Both:      598.00 MB reserved,     107.33 MB ( 18%) committed 

Chunk freelists:
   Non-Class:  25.00 KB
       Class:  0 bytes
        Both:  25.00 KB

MaxMetaspaceSize: 512.00 MB
CompressedClassSpaceSize: 504.00 MB
Initial GC threshold: 20.80 MB
Current GC threshold: 178.88 MB
CDS: off

CodeHeap 'non-profiled nmethods': size=120064Kb used=7723Kb max_used=7723Kb free=112340Kb
 bounds [0x0000025207ac0000, 0x0000025208250000, 0x000002520f000000]
CodeHeap 'profiled nmethods': size=120000Kb used=29350Kb max_used=29350Kb free=90649Kb
 bounds [0x0000025200590000, 0x0000025202240000, 0x0000025207ac0000]
CodeHeap 'non-nmethods': size=5696Kb used=2401Kb max_used=2448Kb free=3294Kb
 bounds [0x0000025200000000, 0x0000025200270000, 0x0000025200590000]
 total_blobs=15559 nmethods=14634 adapters=836
 compilation: enabled
              stopped_count=0, restarted_count=0
 full_count=0

Compilation events (20 events):
Event: 166.333 Thread 0x000002527e558800 15000       3       org.gradle.internal.execution.steps.CaptureStateBeforeExecutionStep$1::getNonIncrementalReason (10 bytes)
Event: 166.333 Thread 0x000002527e558800 nmethod 15000 0x0000025202234610 code [0x00000252022347c0, 0x0000025202234988]
Event: 166.333 Thread 0x000002527e558800 15001       3       org.gradle.internal.execution.history.changes.DefaultExecutionStateChangeDetector::caching (20 bytes)
Event: 166.334 Thread 0x000002527e558800 nmethod 15001 0x0000025202234a90 code [0x0000025202234ca0, 0x0000025202235378]
Event: 166.334 Thread 0x000002527e558800 15003       3       org.gradle.internal.execution.steps.ResolveCachingStateStep::lambda$execute$3 (10 bytes)
Event: 166.334 Thread 0x000002527e558800 nmethod 15003 0x0000025202235590 code [0x0000025202235740, 0x0000025202235888]
Event: 166.334 Thread 0x000002527e558800 15004       3       org.gradle.internal.execution.steps.ResolveChangesStep::execute (10 bytes)
Event: 166.335 Thread 0x000002527e558800 nmethod 15004 0x0000025202235990 code [0x0000025202235b60, 0x0000025202235d88]
Event: 166.335 Thread 0x000002527e558800 15005       3       org.gradle.internal.execution.steps.ValidateStep$1::getNonIncrementalReason (10 bytes)
Event: 166.335 Thread 0x000002527e558800 nmethod 15005 0x0000025202235e90 code [0x0000025202236040, 0x0000025202236208]
Event: 166.335 Thread 0x000002527e558800 15006       3       org.gradle.internal.execution.steps.LoadPreviousExecutionStateStep$1::getNonIncrementalReason (10 bytes)
Event: 166.335 Thread 0x000002527e558800 nmethod 15006 0x0000025202236310 code [0x00000252022364c0, 0x0000025202236688]
Event: 166.335 Thread 0x000002527e558800 15002       3       org.gradle.internal.execution.steps.ResolveCachingStateStep$$Lambda$568/0x0000000100633040::accept (16 bytes)
Event: 166.336 Thread 0x000002527e558800 nmethod 15002 0x0000025202236790 code [0x0000025202236960, 0x0000025202236c08]
Event: 166.336 Thread 0x000002527e558800 15008       3       org.gradle.internal.execution.history.changes.PreviousSuccessChanges::accept (19 bytes)
Event: 166.336 Thread 0x000002527e558800 nmethod 15008 0x0000025202236d90 code [0x0000025202236f60, 0x0000025202237188]
Event: 166.370 Thread 0x000002527e558800 15010       3       org.gradle.internal.fingerprint.impl.AbsolutePathFingerprintingStrategy::getHashingStrategy (4 bytes)
Event: 166.371 Thread 0x000002527e558800 nmethod 15010 0x0000025202237290 code [0x0000025202237440, 0x0000025202237558]
Event: 166.371 Thread 0x000002527e558800 15011       3       sun.nio.fs.WindowsChannelFactory$Flags::toFlags (320 bytes)
Event: 166.373 Thread 0x000002527e558800 nmethod 15011 0x0000025202237610 code [0x00000252022379a0, 0x00000252022391d8]

GC Heap History (20 events):
Event: 145.892 GC heap after
{Heap after GC invocations=80 (full 0):
 garbage-first heap   total 165888K, used 124402K [0x0000000080000000, 0x0000000100000000)
  region size 1024K, 2 young (2048K), 2 survivors (2048K)
 Metaspace       used 95240K, capacity 98575K, committed 98768K, reserved 602112K
  class space    used 12518K, capacity 13838K, committed 13952K, reserved 516096K
}
Event: 146.504 GC heap before
{Heap before GC invocations=80 (full 0):
 garbage-first heap   total 165888K, used 137714K [0x0000000080000000, 0x0000000100000000)
  region size 1024K, 15 young (15360K), 2 survivors (2048K)
 Metaspace       used 96391K, capacity 99731K, committed 99920K, reserved 602112K
  class space    used 12687K, capacity 14004K, committed 14080K, reserved 516096K
}
Event: 146.514 GC heap after
{Heap after GC invocations=81 (full 0):
 garbage-first heap   total 165888K, used 125301K [0x0000000080000000, 0x0000000100000000)
  region size 1024K, 1 young (1024K), 1 survivors (1024K)
 Metaspace       used 96391K, capacity 99731K, committed 99920K, reserved 602112K
  class space    used 12687K, capacity 14004K, committed 14080K, reserved 516096K
}
Event: 146.825 GC heap before
{Heap before GC invocations=82 (full 0):
 garbage-first heap   total 165888K, used 138613K [0x0000000080000000, 0x0000000100000000)
  region size 1024K, 14 young (14336K), 1 survivors (1024K)
 Metaspace       used 97692K, capacity 101049K, committed 101200K, reserved 604160K
  class space    used 12904K, capacity 14229K, committed 14336K, reserved 516096K
}
Event: 146.836 GC heap after
{Heap after GC invocations=83 (full 0):
 garbage-first heap   total 227328K, used 125448K [0x0000000080000000, 0x0000000100000000)
  region size 1024K, 1 young (1024K), 1 survivors (1024K)
 Metaspace       used 97692K, capacity 101049K, committed 101200K, reserved 604160K
  class space    used 12904K, capacity 14229K, committed 14336K, reserved 516096K
}
Event: 148.136 GC heap before
{Heap before GC invocations=83 (full 0):
 garbage-first heap   total 227328K, used 159240K [0x0000000080000000, 0x0000000100000000)
  region size 1024K, 34 young (34816K), 1 survivors (1024K)
 Metaspace       used 101109K, capacity 104420K, committed 104656K, reserved 606208K
  class space    used 13301K, capacity 14612K, committed 14720K, reserved 516096K
}
Event: 148.158 GC heap after
{Heap after GC invocations=84 (full 0):
 garbage-first heap   total 227328K, used 127940K [0x0000000080000000, 0x0000000100000000)
  region size 1024K, 4 young (4096K), 4 survivors (4096K)
 Metaspace       used 101109K, capacity 104420K, committed 104656K, reserved 606208K
  class space    used 13301K, capacity 14612K, committed 14720K, reserved 516096K
}
Event: 150.498 GC heap before
{Heap before GC invocations=85 (full 0):
 garbage-first heap   total 227328K, used 162756K [0x0000000080000000, 0x0000000100000000)
  region size 1024K, 38 young (38912K), 4 survivors (4096K)
 Metaspace       used 102224K, capacity 105731K, committed 106064K, reserved 608256K
  class space    used 13401K, capacity 14741K, committed 14848K, reserved 516096K
}
Event: 150.534 GC heap after
{Heap after GC invocations=86 (full 0):
 garbage-first heap   total 227328K, used 133709K [0x0000000080000000, 0x0000000100000000)
  region size 1024K, 5 young (5120K), 5 survivors (5120K)
 Metaspace       used 102224K, capacity 105731K, committed 106064K, reserved 608256K
  class space    used 13401K, capacity 14741K, committed 14848K, reserved 516096K
}
Event: 151.478 GC heap before
{Heap before GC invocations=86 (full 0):
 garbage-first heap   total 227328K, used 168525K [0x0000000080000000, 0x0000000100000000)
  region size 1024K, 39 young (39936K), 5 survivors (5120K)
 Metaspace       used 102662K, capacity 106128K, committed 106320K, reserved 608256K
  class space    used 13433K, capacity 14782K, committed 14848K, reserved 516096K
}
Event: 151.504 GC heap after
{Heap after GC invocations=87 (full 0):
 garbage-first heap   total 227328K, used 138204K [0x0000000080000000, 0x0000000100000000)
  region size 1024K, 5 young (5120K), 5 survivors (5120K)
 Metaspace       used 102662K, capacity 106128K, committed 106320K, reserved 608256K
  class space    used 13433K, capacity 14782K, committed 14848K, reserved 516096K
}
Event: 152.566 GC heap before
{Heap before GC invocations=88 (full 0):
 garbage-first heap   total 227328K, used 173020K [0x0000000080000000, 0x0000000100000000)
  region size 1024K, 39 young (39936K), 5 survivors (5120K)
 Metaspace       used 103379K, capacity 106849K, committed 107088K, reserved 610304K
  class space    used 13490K, capacity 14823K, committed 14848K, reserved 516096K
}
Event: 152.598 GC heap after
{Heap after GC invocations=89 (full 0):
 garbage-first heap   total 323584K, used 141975K [0x0000000080000000, 0x0000000100000000)
  region size 1024K, 5 young (5120K), 5 survivors (5120K)
 Metaspace       used 103379K, capacity 106849K, committed 107088K, reserved 610304K
  class space    used 13490K, capacity 14823K, committed 14848K, reserved 516096K
}
Event: 155.152 GC heap before
{Heap before GC invocations=89 (full 0):
 garbage-first heap   total 323584K, used 210583K [0x0000000080000000, 0x0000000100000000)
  region size 1024K, 73 young (74752K), 5 survivors (5120K)
 Metaspace       used 104814K, capacity 108429K, committed 108624K, reserved 610304K
  class space    used 13671K, capacity 15074K, committed 15104K, reserved 516096K
}
Event: 155.189 GC heap after
{Heap after GC invocations=90 (full 0):
 garbage-first heap   total 323584K, used 148097K [0x0000000080000000, 0x0000000100000000)
  region size 1024K, 10 young (10240K), 10 survivors (10240K)
 Metaspace       used 104814K, capacity 108429K, committed 108624K, reserved 610304K
  class space    used 13671K, capacity 15074K, committed 15104K, reserved 516096K
}
Event: 162.872 GC heap before
{Heap before GC invocations=90 (full 0):
 garbage-first heap   total 323584K, used 243329K [0x0000000080000000, 0x0000000100000000)
  region size 1024K, 104 young (106496K), 10 survivors (10240K)
 Metaspace       used 105577K, capacity 109220K, committed 109520K, reserved 612352K
  class space    used 13751K, capacity 15146K, committed 15232K, reserved 516096K
}
Event: 162.922 GC heap after
{Heap after GC invocations=91 (full 0):
 garbage-first heap   total 323584K, used 155325K [0x0000000080000000, 0x0000000100000000)
  region size 1024K, 13 young (13312K), 13 survivors (13312K)
 Metaspace       used 105577K, capacity 109220K, committed 109520K, reserved 612352K
  class space    used 13751K, capacity 15146K, committed 15232K, reserved 516096K
}
Event: 164.910 GC heap before
{Heap before GC invocations=91 (full 0):
 garbage-first heap   total 323584K, used 206525K [0x0000000080000000, 0x0000000100000000)
  region size 1024K, 61 young (62464K), 13 survivors (13312K)
 Metaspace       used 105839K, capacity 109490K, committed 109520K, reserved 612352K
  class space    used 13770K, capacity 15221K, committed 15232K, reserved 516096K
}
Event: 164.998 GC heap after
{Heap after GC invocations=92 (full 0):
 garbage-first heap   total 323584K, used 159208K [0x0000000080000000, 0x0000000100000000)
  region size 1024K, 6 young (6144K), 6 survivors (6144K)
 Metaspace       used 105839K, capacity 109490K, committed 109520K, reserved 612352K
  class space    used 13770K, capacity 15221K, committed 15232K, reserved 516096K
}
Event: 166.403 GC heap before
{Heap before GC invocations=93 (full 0):
 garbage-first heap   total 323584K, used 202216K [0x0000000080000000, 0x0000000100000000)
  region size 1024K, 42 young (43008K), 6 survivors (6144K)
 Metaspace       used 105946K, capacity 109698K, committed 109904K, reserved 612352K
  class space    used 13782K, capacity 15243K, committed 15360K, reserved 516096K
}

Deoptimization events (20 events):
Event: 165.097 Thread 0x0000025210aa9800 Uncommon trap: trap_request=0xffffff4d fr.pc=0x0000025207b8b1a8 relative=0x0000000000001228
Event: 165.097 Thread 0x0000025210aa9800 Uncommon trap: reason=unstable_if action=reinterpret pc=0x0000025207b8b1a8 method=java.util.concurrent.ConcurrentHashMap.transfer([Ljava/util/concurrent/ConcurrentHashMap$Node;[Ljava/util/concurrent/ConcurrentHashMap$Node;)V @ 347 c2
Event: 165.097 Thread 0x0000025210aa9800 DEOPT PACKING pc=0x0000025207b8b1a8 sp=0x000000c0085fe220
Event: 165.097 Thread 0x0000025210aa9800 DEOPT UNPACKING pc=0x000002520004a1af sp=0x000000c0085fe1b0 mode 2
Event: 165.395 Thread 0x0000025210aa7800 Uncommon trap: trap_request=0xffffff4d fr.pc=0x0000025207e81874 relative=0x00000000000007f4
Event: 165.395 Thread 0x0000025210aa7800 Uncommon trap: reason=unstable_if action=reinterpret pc=0x0000025207e81874 method=org.gradle.internal.snapshot.VfsRelativePath.compareToFirstSegment(Ljava/lang/String;Lorg/gradle/internal/snapshot/CaseSensitivity;)I @ 134 c2
Event: 165.395 Thread 0x0000025210aa7800 DEOPT PACKING pc=0x0000025207e81874 sp=0x000000c007efcef0
Event: 165.395 Thread 0x0000025210aa7800 DEOPT UNPACKING pc=0x000002520004a1af sp=0x000000c007efce70 mode 2
Event: 165.397 Thread 0x0000025210aa7800 Uncommon trap: trap_request=0xffffffc6 fr.pc=0x0000025207e0f008 relative=0x00000000000000c8
Event: 165.397 Thread 0x0000025210aa7800 Uncommon trap: reason=bimorphic_or_optimized_type_check action=maybe_recompile pc=0x0000025207e0f008 method=com.google.common.collect.RegularImmutableMap.checkNoConflictInKeyBucket(Ljava/lang/Object;Ljava/util/Map$Entry;Lcom/google/common/collect/Immutabl
Event: 165.397 Thread 0x0000025210aa7800 DEOPT PACKING pc=0x0000025207e0f008 sp=0x000000c007efd4d0
Event: 165.397 Thread 0x0000025210aa7800 DEOPT UNPACKING pc=0x000002520004a1af sp=0x000000c007efd478 mode 2
Event: 166.005 Thread 0x0000025210a9d000 Uncommon trap: trap_request=0xffffffd6 fr.pc=0x0000025208223df8 relative=0x00000000000006b8
Event: 166.005 Thread 0x0000025210a9d000 Uncommon trap: reason=array_check action=maybe_recompile pc=0x0000025208223df8 method=java.util.TimSort.binarySort([Ljava/lang/Object;IIILjava/util/Comparator;)V @ 215 c2
Event: 166.005 Thread 0x0000025210a9d000 DEOPT PACKING pc=0x0000025208223df8 sp=0x000000c007dfb120
Event: 166.005 Thread 0x0000025210a9d000 DEOPT UNPACKING pc=0x000002520004a1af sp=0x000000c007dfb0c8 mode 2
Event: 166.005 Thread 0x0000025210a9d000 Uncommon trap: trap_request=0xffffffd6 fr.pc=0x0000025208223df8 relative=0x00000000000006b8
Event: 166.005 Thread 0x0000025210a9d000 Uncommon trap: reason=array_check action=maybe_recompile pc=0x0000025208223df8 method=java.util.TimSort.binarySort([Ljava/lang/Object;IIILjava/util/Comparator;)V @ 215 c2
Event: 166.005 Thread 0x0000025210a9d000 DEOPT PACKING pc=0x0000025208223df8 sp=0x000000c007dfada0
Event: 166.005 Thread 0x0000025210a9d000 DEOPT UNPACKING pc=0x000002520004a1af sp=0x000000c007dfad48 mode 2

Classes redefined (0 events):
No events

Internal exceptions (20 events):
Event: 151.117 Thread 0x000002520fd13800 Exception <a 'sun/nio/fs/WindowsException'{0x000000008c893bf0}> (0x000000008c893bf0) thrown at [./src/hotspot/share/prims/jni.cpp, line 617]
Event: 151.117 Thread 0x000002520fd13800 Exception <a 'sun/nio/fs/WindowsException'{0x000000008c894fa8}> (0x000000008c894fa8) thrown at [./src/hotspot/share/prims/jni.cpp, line 617]
Event: 151.118 Thread 0x000002520fd13800 Exception <a 'sun/nio/fs/WindowsException'{0x000000008c8963b0}> (0x000000008c8963b0) thrown at [./src/hotspot/share/prims/jni.cpp, line 617]
Event: 151.118 Thread 0x000002520fd13800 Exception <a 'sun/nio/fs/WindowsException'{0x000000008c8977b8}> (0x000000008c8977b8) thrown at [./src/hotspot/share/prims/jni.cpp, line 617]
Event: 153.285 Thread 0x0000025210aa7800 Exception <a 'java/lang/NoSuchMethodError'{0x00000000917f27a0}: 'void java.lang.invoke.DirectMethodHandle$Holder.invokeStatic(java.lang.Object, java.lang.Object, java.lang.Object, java.lang.Object, int, java.lang.Object, java.lang.Object)'> (0x00000000917f27a0) thrown at [./src/hotspot/share/interpreter/linkResolver.cpp, line 773]
Event: 153.348 Thread 0x000002521031d800 Exception <a 'java/lang/NoSuchMethodError'{0x000000009147ebd0}: 'java.lang.Object java.lang.invoke.DirectMethodHandle$Holder.invokeSpecialIFC(java.lang.Object, java.lang.Object, java.lang.Object)'> (0x000000009147ebd0) thrown at [./src/hotspot/share/interpreter/linkResolver.cpp, line 773]
Event: 153.348 Thread 0x00000252104a9800 Exception <a 'java/lang/NoSuchMethodError'{0x0000000091470558}: 'java.lang.Object java.lang.invoke.DirectMethodHandle$Holder.invokeSpecialIFC(java.lang.Object, java.lang.Object, java.lang.Object)'> (0x0000000091470558) thrown at [./src/hotspot/share/interpreter/linkResolver.cpp, line 773]
Event: 153.348 Thread 0x000002521031a800 Exception <a 'java/lang/NoSuchMethodError'{0x0000000091486590}: 'java.lang.Object java.lang.invoke.DirectMethodHandle$Holder.invokeSpecialIFC(java.lang.Object, java.lang.Object, java.lang.Object)'> (0x0000000091486590) thrown at [./src/hotspot/share/interpreter/linkResolver.cpp, line 773]
Event: 153.348 Thread 0x0000025210aa7800 Exception <a 'java/lang/NoSuchMethodError'{0x0000000091476b68}: 'java.lang.Object java.lang.invoke.DirectMethodHandle$Holder.invokeSpecialIFC(java.lang.Object, java.lang.Object, java.lang.Object)'> (0x0000000091476b68) thrown at [./src/hotspot/share/interpreter/linkResolver.cpp, line 773]
Event: 153.473 Thread 0x000002521031d800 Exception <a 'java/lang/NoSuchMethodError'{0x0000000090f85b38}: 'void java.lang.invoke.DirectMethodHandle$Holder.invokeVirtual(java.lang.Object, java.lang.Object)'> (0x0000000090f85b38) thrown at [./src/hotspot/share/interpreter/linkResolver.cpp, line 773]
Event: 153.474 Thread 0x000002521031a800 Exception <a 'java/lang/NoSuchMethodError'{0x0000000090f8f048}: 'void java.lang.invoke.DirectMethodHandle$Holder.invokeVirtual(java.lang.Object, java.lang.Object)'> (0x0000000090f8f048) thrown at [./src/hotspot/share/interpreter/linkResolver.cpp, line 773]
Event: 155.906 Thread 0x0000025210aa2800 Exception <a 'java/lang/ClassNotFoundException'{0x00000000934c08a8}: groovy/util/FileTreeBuilderBeanInfo> (0x00000000934c08a8) thrown at [./src/hotspot/share/classfile/systemDictionary.cpp, line 230]
Event: 155.916 Thread 0x0000025210aa2800 Exception <a 'java/lang/ClassNotFoundException'{0x0000000093337678}: groovy/util/FileTreeBuilderCustomizer> (0x0000000093337678) thrown at [./src/hotspot/share/classfile/systemDictionary.cpp, line 230]
Event: 156.031 Thread 0x0000025210aa2800 Exception <a 'java/lang/ClassNotFoundException'{0x000000009338cc48}: java/io/BufferedWriterBeanInfo> (0x000000009338cc48) thrown at [./src/hotspot/share/classfile/systemDictionary.cpp, line 230]
Event: 156.033 Thread 0x0000025210aa2800 Exception <a 'java/lang/ClassNotFoundException'{0x0000000093392f18}: java/io/WriterBeanInfo> (0x0000000093392f18) thrown at [./src/hotspot/share/classfile/systemDictionary.cpp, line 230]
Event: 156.034 Thread 0x0000025210aa2800 Exception <a 'java/lang/ClassNotFoundException'{0x0000000093399208}: java/io/WriterCustomizer> (0x0000000093399208) thrown at [./src/hotspot/share/classfile/systemDictionary.cpp, line 230]
Event: 156.041 Thread 0x0000025210aa2800 Exception <a 'java/lang/ClassNotFoundException'{0x00000000933a73e0}: java/io/BufferedWriterCustomizer> (0x00000000933a73e0) thrown at [./src/hotspot/share/classfile/systemDictionary.cpp, line 230]
Event: 157.313 Thread 0x0000025210a9d000 Exception <a 'java/lang/NoSuchMethodError'{0x0000000092f63178}: <clinit>> (0x0000000092f63178) thrown at [./src/hotspot/share/prims/jni.cpp, line 1367]
Event: 164.094 Thread 0x0000025210aa7800 Exception <a 'java/lang/NoSuchMethodError'{0x00000000919750d8}: <clinit>> (0x00000000919750d8) thrown at [./src/hotspot/share/prims/jni.cpp, line 1367]
Event: 164.096 Thread 0x0000025210aa7800 Exception <a 'java/lang/NoSuchMethodError'{0x00000000919b0648}: <clinit>> (0x00000000919b0648) thrown at [./src/hotspot/share/prims/jni.cpp, line 1367]

Events (20 events):
Event: 165.736 Executing VM operation: CGC_Operation done
Event: 165.971 Executing VM operation: RevokeBias
Event: 165.973 Executing VM operation: RevokeBias done
Event: 165.973 Executing VM operation: RevokeBias
Event: 165.975 Executing VM operation: RevokeBias done
Event: 165.979 Executing VM operation: RevokeBias
Event: 165.979 Executing VM operation: RevokeBias done
Event: 165.980 Executing VM operation: RevokeBias
Event: 165.981 Executing VM operation: RevokeBias done
Event: 165.981 Executing VM operation: RevokeBias
Event: 165.983 Executing VM operation: RevokeBias done
Event: 165.983 Executing VM operation: RevokeBias
Event: 165.984 Executing VM operation: RevokeBias done
Event: 165.984 Executing VM operation: RevokeBias
Event: 165.985 Executing VM operation: RevokeBias done
Event: 165.985 Executing VM operation: RevokeBias
Event: 165.987 Executing VM operation: RevokeBias done
Event: 166.201 Executing VM operation: CGC_Operation
Event: 166.202 Executing VM operation: CGC_Operation done
Event: 166.403 Executing VM operation: G1CollectForAllocation


Dynamic libraries:
0x00007ff7bdf20000 - 0x00007ff7bdf2d000 	C:\Program Files\Microsoft\jdk-11.0.18.10-hotspot\bin\java.exe
0x00007fff7d1b0000 - 0x00007fff7d3a8000 	C:\Windows\SYSTEM32\ntdll.dll
0x00007fff7c970000 - 0x00007fff7ca2f000 	C:\Windows\System32\KERNEL32.DLL
0x00007fff7ab50000 - 0x00007fff7ae46000 	C:\Windows\System32\KERNELBASE.dll
0x00007fff7aa50000 - 0x00007fff7ab50000 	C:\Windows\System32\ucrtbase.dll
0x00007fff52500000 - 0x00007fff52515000 	C:\Program Files\Microsoft\jdk-11.0.18.10-hotspot\bin\VCRUNTIME140.dll
0x00007fff54f60000 - 0x00007fff54f77000 	C:\Program Files\Microsoft\jdk-11.0.18.10-hotspot\bin\jli.dll
0x00007fff7c7a0000 - 0x00007fff7c93d000 	C:\Windows\System32\USER32.dll
0x00007fff7a890000 - 0x00007fff7a8b2000 	C:\Windows\System32\win32u.dll
0x00007fff6bbe0000 - 0x00007fff6be7a000 	C:\Windows\WinSxS\amd64_microsoft.windows.common-controls_6595b64144ccf1df_6.0.19041.1110_none_60b5254171f9507e\COMCTL32.dll
0x00007fff7c940000 - 0x00007fff7c96c000 	C:\Windows\System32\GDI32.dll
0x00007fff7c500000 - 0x00007fff7c59e000 	C:\Windows\System32\msvcrt.dll
0x00007fff7afb0000 - 0x00007fff7b0c5000 	C:\Windows\System32\gdi32full.dll
0x00007fff7a8c0000 - 0x00007fff7a95d000 	C:\Windows\System32\msvcp_win.dll
0x00007fff7b6b0000 - 0x00007fff7b6e0000 	C:\Windows\System32\IMM32.DLL
0x00007fff3efe0000 - 0x00007fff3f07b000 	C:\Program Files\Microsoft\jdk-11.0.18.10-hotspot\bin\msvcp140.dll
0x00007fff3cbf0000 - 0x00007fff3d782000 	C:\Program Files\Microsoft\jdk-11.0.18.10-hotspot\bin\server\jvm.dll
0x00007fff7c640000 - 0x00007fff7c6ef000 	C:\Windows\System32\ADVAPI32.dll
0x00007fff7c5a0000 - 0x00007fff7c63c000 	C:\Windows\System32\sechost.dll
0x00007fff7c3d0000 - 0x00007fff7c4f6000 	C:\Windows\System32\RPCRT4.dll
0x00007fff7b570000 - 0x00007fff7b578000 	C:\Windows\System32\PSAPI.DLL
0x00007fff726c0000 - 0x00007fff726c9000 	C:\Windows\SYSTEM32\WSOCK32.dll
0x00007fff64a90000 - 0x00007fff64ab7000 	C:\Windows\SYSTEM32\WINMM.dll
0x00007fff7cfc0000 - 0x00007fff7d02b000 	C:\Windows\System32\WS2_32.dll
0x00007fff6d430000 - 0x00007fff6d43a000 	C:\Windows\SYSTEM32\VERSION.dll
0x00007fff78740000 - 0x00007fff78752000 	C:\Windows\SYSTEM32\kernel.appcore.dll
0x00007fff6a880000 - 0x00007fff6a890000 	C:\Program Files\Microsoft\jdk-11.0.18.10-hotspot\bin\verify.dll
0x00007fff68520000 - 0x00007fff68704000 	C:\Windows\SYSTEM32\DBGHELP.DLL
0x00007fff68470000 - 0x00007fff684a4000 	C:\Windows\SYSTEM32\dbgcore.DLL
0x00007fff7b180000 - 0x00007fff7b202000 	C:\Windows\System32\bcryptPrimitives.dll
0x00007fff47560000 - 0x00007fff47588000 	C:\Program Files\Microsoft\jdk-11.0.18.10-hotspot\bin\java.dll
0x00007fff69390000 - 0x00007fff6939a000 	C:\Program Files\Microsoft\jdk-11.0.18.10-hotspot\bin\jimage.dll
0x00007fff4a380000 - 0x00007fff4a398000 	C:\Program Files\Microsoft\jdk-11.0.18.10-hotspot\bin\zip.dll
0x00007fff7bb50000 - 0x00007fff7c294000 	C:\Windows\System32\SHELL32.dll
0x00007fff78940000 - 0x00007fff790d3000 	C:\Windows\SYSTEM32\windows.storage.dll
0x00007fff7b210000 - 0x00007fff7b564000 	C:\Windows\System32\combase.dll
0x00007fff7a2e0000 - 0x00007fff7a30e000 	C:\Windows\SYSTEM32\Wldp.dll
0x00007fff7cd60000 - 0x00007fff7ce0d000 	C:\Windows\System32\SHCORE.dll
0x00007fff7caf0000 - 0x00007fff7cb45000 	C:\Windows\System32\shlwapi.dll
0x00007fff7a7d0000 - 0x00007fff7a7ef000 	C:\Windows\SYSTEM32\profapi.dll
0x00007fff725f0000 - 0x00007fff72609000 	C:\Program Files\Microsoft\jdk-11.0.18.10-hotspot\bin\net.dll
0x00007fff6f920000 - 0x00007fff6fa2a000 	C:\Windows\SYSTEM32\WINHTTP.dll
0x00007fff7a040000 - 0x00007fff7a0aa000 	C:\Windows\system32\mswsock.dll
0x00007fff5ccd0000 - 0x00007fff5cce3000 	C:\Program Files\Microsoft\jdk-11.0.18.10-hotspot\bin\nio.dll
0x00007fff55400000 - 0x00007fff55427000 	C:\Users\Anggi Widiantara\.gradle\native\e1d6ef7f7dcc3fd88c89a11ec53ec762bb8ba0a96d01ffa2cd45eb1d1d8dd5c5\windows-amd64\native-platform.dll
0x00007fff3ee90000 - 0x00007fff3efd4000 	C:\Users\Anggi Widiantara\.gradle\native\0d407fdbe67a94daf76414ababcb853783967236a71b16ec16e742cd7a986fd3\windows-amd64\native-platform-file-events.dll
0x00007fff725e0000 - 0x00007fff725e9000 	C:\Program Files\Microsoft\jdk-11.0.18.10-hotspot\bin\management.dll
0x00007fff725d0000 - 0x00007fff725db000 	C:\Program Files\Microsoft\jdk-11.0.18.10-hotspot\bin\management_ext.dll
0x00007fff7a230000 - 0x00007fff7a248000 	C:\Windows\SYSTEM32\CRYPTSP.dll
0x00007fff798f0000 - 0x00007fff79924000 	C:\Windows\system32\rsaenh.dll
0x00007fff7a9b0000 - 0x00007fff7a9d7000 	C:\Windows\System32\bcrypt.dll
0x00007fff7a750000 - 0x00007fff7a77e000 	C:\Windows\SYSTEM32\USERENV.dll
0x00007fff7a250000 - 0x00007fff7a25c000 	C:\Windows\SYSTEM32\CRYPTBASE.dll
0x00007fff79ce0000 - 0x00007fff79d1c000 	C:\Windows\SYSTEM32\IPHLPAPI.DLL
0x00007fff7b580000 - 0x00007fff7b588000 	C:\Windows\System32\NSI.dll
0x00007fff6fd40000 - 0x00007fff6fd57000 	C:\Windows\SYSTEM32\dhcpcsvc6.DLL
0x00007fff70160000 - 0x00007fff7017d000 	C:\Windows\SYSTEM32\dhcpcsvc.DLL
0x00007fff79d30000 - 0x00007fff79dfa000 	C:\Windows\SYSTEM32\DNSAPI.dll

dbghelp: loaded successfully - version: 4.0.5 - missing functions: none
symbol engine: initialized successfully - sym options: 0x614 - pdb path: .;C:\Program Files\Microsoft\jdk-11.0.18.10-hotspot\bin;C:\Windows\SYSTEM32;C:\Windows\WinSxS\amd64_microsoft.windows.common-controls_6595b64144ccf1df_6.0.19041.1110_none_60b5254171f9507e;C:\Program Files\Microsoft\jdk-11.0.18.10-hotspot\bin\server;C:\Users\Anggi Widiantara\.gradle\native\e1d6ef7f7dcc3fd88c89a11ec53ec762bb8ba0a96d01ffa2cd45eb1d1d8dd5c5\windows-amd64;C:\Users\Anggi Widiantara\.gradle\native\0d407fdbe67a94daf76414ababcb853783967236a71b16ec16e742cd7a986fd3\windows-amd64

VM Arguments:
jvm_args: -XX:MaxMetaspaceSize=512m --add-opens=java.base/java.util=ALL-UNNAMED --add-opens=java.base/java.lang=ALL-UNNAMED --add-opens=java.base/java.lang.invoke=ALL-UNNAMED --add-opens=java.base/java.util=ALL-UNNAMED --add-opens=java.prefs/java.util.prefs=ALL-UNNAMED --add-opens=java.prefs/java.util.prefs=ALL-UNNAMED --add-opens=java.base/java.nio.charset=ALL-UNNAMED --add-opens=java.base/java.net=ALL-UNNAMED --add-opens=java.base/java.util.concurrent.atomic=ALL-UNNAMED -Xmx2048m -Dfile.encoding=windows-1252 -Duser.country=ID -Duser.language=en -Duser.variant 
java_command: org.gradle.launcher.daemon.bootstrap.GradleDaemon 7.5.1
java_class_path (initial): C:\Users\Anggi Widiantara\.gradle\wrapper\dists\gradle-7.5.1-all\1ehga6e77gqps5uk2kc5kf1vc\gradle-7.5.1\lib\gradle-launcher-7.5.1.jar
Launcher Type: SUN_STANDARD

[Global flags]
     intx CICompilerCount                          = 3                                         {product} {ergonomic}
   size_t CompressedClassSpaceSize                 = 528482304                                 {product} {ergonomic}
     uint ConcGCThreads                            = 1                                         {product} {ergonomic}
     uint G1ConcRefinementThreads                  = 4                                         {product} {ergonomic}
   size_t G1HeapRegionSize                         = 1048576                                   {product} {ergonomic}
    uintx GCDrainStackTargetSize                   = 64                                        {product} {ergonomic}
   size_t InitialHeapSize                          = 67108864                                  {product} {ergonomic}
   size_t MarkStackSize                            = 4194304                                   {product} {ergonomic}
   size_t MaxHeapSize                              = 2147483648                                {product} {command line}
   size_t MaxMetaspaceSize                         = 536870912                                 {product} {command line}
   size_t MaxNewSize                               = 1287651328                                {product} {ergonomic}
   size_t MinHeapDeltaBytes                        = 1048576                                   {product} {ergonomic}
    uintx NonNMethodCodeHeapSize                   = 5830732                                {pd product} {ergonomic}
    uintx NonProfiledCodeHeapSize                  = 122913754                              {pd product} {ergonomic}
    uintx ProfiledCodeHeapSize                     = 122913754                              {pd product} {ergonomic}
    uintx ReservedCodeCacheSize                    = 251658240                              {pd product} {ergonomic}
     bool SegmentedCodeCache                       = true                                      {product} {ergonomic}
     bool UseCompressedClassPointers               = true                                 {lp64_product} {ergonomic}
     bool UseCompressedOops                        = true                                 {lp64_product} {ergonomic}
     bool UseG1GC                                  = true                                      {product} {ergonomic}
     bool UseLargePagesIndividualAllocation        = false                                  {pd product} {ergonomic}

Logging:
Log output configuration:
 #0: stdout all=warning uptime,level,tags
 #1: stderr all=off uptime,level,tags

Environment Variables:
JAVA_HOME=C:\Program Files\Microsoft\jdk-11.0.18.10-hotspot\
CLASSPATH=D:\KodingAkademiMobile\android\\gradle\wrapper\gradle-wrapper.jar
PATH=D:\KodingAkademiMobile\android\node_modules\.bin;D:\KodingAkademiMobile\node_modules\.bin;D:\node_modules\.bin;C:\Program Files\nodejs;D:\KodingAkademiMobile\node_modules\.bin;D:\KodingAkademiMobile\node_modules\.bin;D:\node_modules\.bin;C:\Users\Anggi Widiantara\AppData\Roaming\npm\node_modules\npm\node_modules\@npmcli\run-script\lib\node-gyp-bin;D:\KodingAkademiMobile\node_modules\.bin;D:\node_modules\.bin;C:\Program Files\nodejs;D:\KodingAkademiMobile\node_modules\.bin;D:\KodingAkademiMobile\node_modules\.bin;D:\node_modules\.bin;C:\Users\Anggi Widiantara\AppData\Roaming\npm\node_modules\npm\node_modules\@npmcli\run-script\lib\node-gyp-bin;C:\Python311\Scripts\;C:\Python311\;C:\Program Files\Microsoft\jdk-11.0.18.10-hotspot\bin;C:\Python310\Scripts\;C:\Python310\;C:\Program Files\Common Files\Oracle\Java\javapath;C:\Windows\system32;C:\Windows;C:\Windows\System32\Wbem;C:\Windows\System32\WindowsPowerShell\v1.0\;C:\Windows\System32\OpenSSH\;C:\Program Files (x86)\NVIDIA Corporation\PhysX\Common;C:\Program Files\Microsoft VS Code\bin;C:\Program Files\Git\cmd;C:\ProgramData\chocolatey\bin;C:\xampp\php;C:\ProgramData\ComposerSetup\bin;C:\Program Files\nodejs\;C:\gradle-8.0.2\bin;C:\Users\Anggi Widiantara\AppData\Local\Microsoft\WindowsApps;C:\Users\Anggi Widiantara\flutter\bin;C:\Users\Anggi Widiantara\AppData\Local\Programs\Microsoft VS Code\bin;C:\Program Files\Java\jdk-18.0.1.1\bin;C:\Users\Anggi Widiantara\AppData\Roaming\Composer\vendor\bin;C:\Users\Anggi Widiantara\AppData\Local\Android\Sdk\platform-tools;C:\Users\Anggi Widiantara\AppData\Roaming\npm;C:\Users\Anggi Widiantara\AppData\Local\Android\Sdk\platform-tools\adb.exe;
USERNAME=Anggi Widiantara
LANG=en_US.UTF-8
OS=Windows_NT
PROCESSOR_IDENTIFIER=Intel64 Family 6 Model 61 Stepping 4, GenuineIntel
TMP=C:\Users\ANGGIW~1\AppData\Local\Temp
TEMP=C:\Users\ANGGIW~1\AppData\Local\Temp



---------------  S Y S T E M  ---------------

OS: Windows 10 , 64 bit Build 19041 (10.0.19041.3031)
OS uptime: 2 days 11:24 hours

CPU:total 4 (initial active 4) (2 cores per cpu, 2 threads per core) family 6 model 61 stepping 4 microcode 0x2d, cmov, cx8, fxsr, mmx, sse, sse2, sse3, ssse3, sse4.1, sse4.2, popcnt, avx, avx2, aes, clmul, erms, 3dnowpref, lzcnt, ht, tsc, tscinvbit, bmi1, bmi2, adx, fma

Memory: 4k page, system-wide physical 4015M (142M free)
TotalPageFile size 12207M (AvailPageFile size 43M)
current process WorkingSet (physical memory assigned to process): 449M, peak: 449M
current process commit charge ("private bytes"): 632M, peak: 696M

vm_info: OpenJDK 64-Bit Server VM (11.0.18+10-LTS) for windows-amd64 JRE (11.0.18+10-LTS), built on Jan 18 2023 15:56:47 by "MicrosoftCorporation" with MS VC++ 15.9 (VS2017)

END.
